::1 - - [13/Jan/2025:21:21:43 +0100] "GET / HTTP/1.1" 200 3368
::1 - - [13/Jan/2025:21:21:43 +0100] "GET /img/img1p1.jpg HTTP/1.1" 200 2073381
::1 - - [13/Jan/2025:21:21:43 +0100] "GET /favicon.ico HTTP/1.1" 404 196
::1 - - [13/Jan/2025:21:21:48 +0100] "GET /phpmyadmin HTTP/1.1" 301 236
::1 - - [13/Jan/2025:21:21:48 +0100] "GET /phpmyadmin/ HTTP/1.1" 200 5008
::1 - - [13/Jan/2025:21:21:49 +0100] "GET /phpmyadmin/themes/pmahomme/jquery/jquery-ui.css HTTP/1.1" 200 37878
::1 - - [13/Jan/2025:21:21:49 +0100] "GET /phpmyadmin/themes/pmahomme/css/theme.css?v=5.1.3&nocache=891437271ltr&server=1 HTTP/1.1" 200 216145
::1 - - [13/Jan/2025:21:21:49 +0100] "GET /phpmyadmin/js/vendor/codemirror/lib/codemirror.css?v=5.1.3 HTTP/1.1" 200 9058
::1 - - [13/Jan/2025:21:21:49 +0100] "GET /phpmyadmin/js/vendor/codemirror/addon/hint/show-hint.css?v=5.1.3 HTTP/1.1" 200 659
::1 - - [13/Jan/2025:21:21:49 +0100] "GET /phpmyadmin/js/vendor/sprintf.js?v=5.1.3 HTTP/1.1" 200 7626
::1 - - [13/Jan/2025:21:21:49 +0100] "GET /phpmyadmin/js/dist/ajax.js?v=5.1.3 HTTP/1.1" 200 32346
::1 - - [13/Jan/2025:21:21:49 +0100] "GET /phpmyadmin/js/dist/keyhandler.js?v=5.1.3 HTTP/1.1" 200 3154
::1 - - [13/Jan/2025:21:21:49 +0100] "GET /phpmyadmin/js/vendor/codemirror/addon/lint/lint.css?v=5.1.3 HTTP/1.1" 200 3114
::1 - - [13/Jan/2025:21:21:49 +0100] "GET /phpmyadmin/js/vendor/jquery/jquery-migrate.js?v=5.1.3 HTTP/1.1" 200 26159
::1 - - [13/Jan/2025:21:21:49 +0100] "GET /phpmyadmin/js/vendor/jquery/jquery.mousewheel.js?v=5.1.3 HTTP/1.1" 200 8488
::1 - - [13/Jan/2025:21:21:49 +0100] "GET /phpmyadmin/js/vendor/jquery/jquery.validate.js?v=5.1.3 HTTP/1.1" 200 52599
::1 - - [13/Jan/2025:21:21:49 +0100] "GET /phpmyadmin/js/vendor/jquery/jquery-ui-timepicker-addon.js?v=5.1.3 HTTP/1.1" 200 80766
::1 - - [13/Jan/2025:21:21:49 +0100] "GET /phpmyadmin/js/vendor/js.cookie.js?v=5.1.3 HTTP/1.1" 200 4046
::1 - - [13/Jan/2025:21:21:49 +0100] "GET /phpmyadmin/js/vendor/jquery/jquery.ba-hashchange-2.0.js?v=5.1.3 HTTP/1.1" 200 10778
::1 - - [13/Jan/2025:21:21:49 +0100] "GET /phpmyadmin/js/vendor/bootstrap/bootstrap.bundle.min.js?v=5.1.3 HTTP/1.1" 200 83259
::1 - - [13/Jan/2025:21:21:49 +0100] "GET /phpmyadmin/js/dist/cross_framing_protection.js?v=5.1.3 HTTP/1.1" 200 433
::1 - - [13/Jan/2025:21:21:49 +0100] "GET /phpmyadmin/js/dist/menu_resizer.js?v=5.1.3 HTTP/1.1" 200 5890
::1 - - [13/Jan/2025:21:21:49 +0100] "GET /phpmyadmin/js/vendor/jquery/jquery.debounce-1.0.6.js?v=5.1.3 HTTP/1.1" 200 1689
::1 - - [13/Jan/2025:21:21:49 +0100] "GET /phpmyadmin/js/dist/rte.js?v=5.1.3 HTTP/1.1" 200 41222
::1 - - [13/Jan/2025:21:21:49 +0100] "GET /phpmyadmin/js/dist/config.js?v=5.1.3 HTTP/1.1" 200 26407
::1 - - [13/Jan/2025:21:21:49 +0100] "GET /phpmyadmin/js/dist/navigation.js?v=5.1.3 HTTP/1.1" 200 56422
::1 - - [13/Jan/2025:21:21:49 +0100] "GET /phpmyadmin/js/dist/common.js?v=5.1.3 HTTP/1.1" 200 4560
::1 - - [13/Jan/2025:21:21:49 +0100] "GET /phpmyadmin/js/dist/indexes.js?v=5.1.3 HTTP/1.1" 200 27117
::1 - - [13/Jan/2025:21:21:49 +0100] "GET /phpmyadmin/js/dist/doclinks.js?v=5.1.3 HTTP/1.1" 200 18658
::1 - - [13/Jan/2025:21:21:49 +0100] "GET /phpmyadmin/js/dist/page_settings.js?v=5.1.3 HTTP/1.1" 200 1626
::1 - - [13/Jan/2025:21:21:49 +0100] "GET /phpmyadmin/js/vendor/codemirror/addon/runmode/runmode.js?v=5.1.3 HTTP/1.1" 200 2849
::1 - - [13/Jan/2025:21:21:49 +0100] "GET /phpmyadmin/js/vendor/codemirror/mode/sql/sql.js?v=5.1.3 HTTP/1.1" 200 48501
::1 - - [13/Jan/2025:21:21:49 +0100] "GET /phpmyadmin/js/vendor/codemirror/addon/hint/show-hint.js?v=5.1.3 HTTP/1.1" 200 20508
::1 - - [13/Jan/2025:21:21:49 +0100] "GET /phpmyadmin/js/dist/codemirror/addon/lint/sql-lint.js?v=5.1.3 HTTP/1.1" 200 997
::1 - - [13/Jan/2025:21:21:49 +0100] "GET /phpmyadmin/js/vendor/codemirror/addon/lint/lint.js?v=5.1.3 HTTP/1.1" 200 10276
::1 - - [13/Jan/2025:21:21:49 +0100] "GET /phpmyadmin/js/vendor/codemirror/addon/hint/sql-hint.js?v=5.1.3 HTTP/1.1" 200 9908
::1 - - [13/Jan/2025:21:21:49 +0100] "GET /phpmyadmin/js/vendor/tracekit.js?v=5.1.3 HTTP/1.1" 200 48455
::1 - - [13/Jan/2025:21:21:49 +0100] "GET /phpmyadmin/js/dist/drag_drop_import.js?v=5.1.3 HTTP/1.1" 200 12680
::1 - - [13/Jan/2025:21:21:49 +0100] "GET /phpmyadmin/themes/pmahomme/img/logo_right.png HTTP/1.1" 200 4306
::1 - - [13/Jan/2025:21:21:49 +0100] "GET /phpmyadmin/js/dist/error_report.js?v=5.1.3 HTTP/1.1" 200 10003
::1 - - [13/Jan/2025:21:21:49 +0100] "GET /phpmyadmin/themes/dot.gif HTTP/1.1" 200 43
::1 - - [13/Jan/2025:21:21:49 +0100] "GET /phpmyadmin/js/dist/shortcuts_handler.js?v=5.1.3 HTTP/1.1" 200 3450
::1 - - [13/Jan/2025:21:21:49 +0100] "GET /phpmyadmin/js/messages.php?l=es&v=5.1.3 HTTP/1.1" 200 8979
::1 - - [13/Jan/2025:21:21:49 +0100] "GET /phpmyadmin/js/vendor/jquery/jquery-ui.min.js?v=5.1.3 HTTP/1.1" 200 253681
::1 - - [13/Jan/2025:21:21:49 +0100] "GET /phpmyadmin/themes/pmahomme/css/printview.css?v=5.1.3 HTTP/1.1" 200 1393
::1 - - [13/Jan/2025:21:21:49 +0100] "GET /phpmyadmin/js/vendor/codemirror/lib/codemirror.js?v=5.1.3 HTTP/1.1" 200 409681
::1 - - [13/Jan/2025:21:21:49 +0100] "GET /phpmyadmin/themes/pmahomme/img/s_error.png HTTP/1.1" 200 614
::1 - - [13/Jan/2025:21:21:50 +0100] "GET /phpmyadmin/themes/pmahomme/img/b_help.png HTTP/1.1" 200 705
::1 - - [13/Jan/2025:21:21:55 +0100] "POST /phpmyadmin/index.php?route=/ HTTP/1.1" 200 9543
::1 - - [13/Jan/2025:21:21:55 +0100] "GET /phpmyadmin/themes/pmahomme/img/logo_left.png HTTP/1.1" 200 2713
::1 - - [13/Jan/2025:21:21:55 +0100] "GET /phpmyadmin/themes/pmahomme/img/left_nav_bg.png HTTP/1.1" 200 146
::1 - - [13/Jan/2025:21:21:55 +0100] "GET /phpmyadmin/themes/pmahomme/img/b_home.png HTTP/1.1" 200 734
::1 - - [13/Jan/2025:21:21:55 +0100] "GET /phpmyadmin/themes/pmahomme/img/b_docs.png HTTP/1.1" 200 705
::1 - - [13/Jan/2025:21:21:55 +0100] "GET /phpmyadmin/themes/pmahomme/img/s_cog.png HTTP/1.1" 200 442
::1 - - [13/Jan/2025:21:21:55 +0100] "GET /phpmyadmin/themes/pmahomme/img/b_sqlhelp.png HTTP/1.1" 200 512
::1 - - [13/Jan/2025:21:21:55 +0100] "GET /phpmyadmin/themes/pmahomme/img/s_loggoff.png HTTP/1.1" 200 626
::1 - - [13/Jan/2025:21:21:55 +0100] "GET /phpmyadmin/themes/pmahomme/img/s_link.png HTTP/1.1" 200 280
::1 - - [13/Jan/2025:21:21:55 +0100] "GET /phpmyadmin/themes/pmahomme/img/s_reload.png HTTP/1.1" 200 527
::1 - - [13/Jan/2025:21:21:55 +0100] "GET /phpmyadmin/themes/pmahomme/img/b_newdb.png HTTP/1.1" 200 585
::1 - - [13/Jan/2025:21:21:55 +0100] "GET /phpmyadmin/themes/pmahomme/img/b_plus.png HTTP/1.1" 200 143
::1 - - [13/Jan/2025:21:21:55 +0100] "GET /phpmyadmin/themes/pmahomme/img/s_db.png HTTP/1.1" 200 328
::1 - - [13/Jan/2025:21:21:55 +0100] "GET /phpmyadmin/themes/pmahomme/img/s_host.png HTTP/1.1" 200 591
::1 - - [13/Jan/2025:21:21:55 +0100] "GET /phpmyadmin/themes/pmahomme/img/b_sql.png HTTP/1.1" 200 680
::1 - - [13/Jan/2025:21:21:55 +0100] "GET /phpmyadmin/themes/pmahomme/img/s_status.png HTTP/1.1" 200 600
::1 - - [13/Jan/2025:21:21:55 +0100] "GET /phpmyadmin/themes/pmahomme/img/s_rights.png HTTP/1.1" 200 461
::1 - - [13/Jan/2025:21:21:55 +0100] "GET /phpmyadmin/themes/pmahomme/img/b_import.png HTTP/1.1" 200 556
::1 - - [13/Jan/2025:21:21:55 +0100] "GET /phpmyadmin/themes/pmahomme/img/b_export.png HTTP/1.1" 200 514
::1 - - [13/Jan/2025:21:21:55 +0100] "GET /phpmyadmin/themes/pmahomme/img/s_vars.png HTTP/1.1" 200 523
::1 - - [13/Jan/2025:21:21:55 +0100] "GET /phpmyadmin/themes/pmahomme/img/b_tblops.png HTTP/1.1" 200 537
::1 - - [13/Jan/2025:21:21:55 +0100] "GET /phpmyadmin/themes/pmahomme/img/b_engine.png HTTP/1.1" 200 398
::1 - - [13/Jan/2025:21:21:55 +0100] "GET /phpmyadmin/themes/pmahomme/img/window-new.png HTTP/1.1" 200 468
::1 - - [13/Jan/2025:21:21:55 +0100] "GET /phpmyadmin/themes/pmahomme/img/b_plugin.png HTTP/1.1" 200 512
::1 - - [13/Jan/2025:21:21:55 +0100] "GET /phpmyadmin/themes/pmahomme/img/s_top.png HTTP/1.1" 200 220
::1 - - [13/Jan/2025:21:21:55 +0100] "GET /phpmyadmin/themes/pmahomme/img/s_replication.png HTTP/1.1" 200 399
::1 - - [13/Jan/2025:21:21:55 +0100] "GET /phpmyadmin/themes/pmahomme/img/s_asci.png HTTP/1.1" 200 148
::1 - - [13/Jan/2025:21:21:55 +0100] "GET /phpmyadmin/themes/pmahomme/img/b_edit.png HTTP/1.1" 200 377
::1 - - [13/Jan/2025:21:21:55 +0100] "GET /phpmyadmin/themes/pmahomme/img/console.png HTTP/1.1" 200 292
::1 - - [13/Jan/2025:21:21:55 +0100] "POST /phpmyadmin/index.php?route=/config/get HTTP/1.1" 200 67
::1 - - [13/Jan/2025:21:21:55 +0100] "GET /phpmyadmin/themes/pmahomme/img/ajax_clock_small.gif HTTP/1.1" 200 1810
::1 - - [13/Jan/2025:21:21:55 +0100] "POST /phpmyadmin/index.php?route=/navigation&ajax_request=1 HTTP/1.1" 200 67
::1 - - [13/Jan/2025:21:21:55 +0100] "POST /phpmyadmin/index.php?route=/config/get HTTP/1.1" 200 67
::1 - - [13/Jan/2025:21:21:55 +0100] "POST /phpmyadmin/index.php?route=/config/set HTTP/1.1" 200 67
::1 - - [13/Jan/2025:21:22:01 +0100] "GET /phpmyadmin/index.php?route=/&ajax_request=true&ajax_page_request=true&_nocache=1736799721104715808&token=22493863626c2d3a7b626547794a6e65 HTTP/1.1" 200 67
::1 - - [13/Jan/2025:21:22:01 +0100] "GET /phpmyadmin/index.php?route=/ HTTP/1.1" 200 4917
::1 - - [13/Jan/2025:21:22:04 +0100] "POST /phpmyadmin/index.php?route=/ HTTP/1.1" 302 20
::1 - - [13/Jan/2025:21:22:04 +0100] "GET /phpmyadmin/index.php?route=/&route=%2F HTTP/1.1" 200 15654
::1 - - [13/Jan/2025:21:22:04 +0100] "GET /phpmyadmin/themes/pmahomme/css/theme.css?v=5.1.3&nocache=-1483809144ltr&server=1 HTTP/1.1" 200 216145
::1 - - [13/Jan/2025:21:22:04 +0100] "GET /phpmyadmin/themes/pmahomme/img/s_passwd.png HTTP/1.1" 200 331
::1 - - [13/Jan/2025:21:22:04 +0100] "GET /phpmyadmin/themes/pmahomme/img/s_lang.png HTTP/1.1" 200 659
::1 - - [13/Jan/2025:21:22:04 +0100] "GET /phpmyadmin/themes/pmahomme/img/s_theme.png HTTP/1.1" 200 772
::1 - - [13/Jan/2025:21:22:04 +0100] "GET /phpmyadmin/themes/pmahomme/img/s_notice.png HTTP/1.1" 200 567
::1 - - [13/Jan/2025:21:22:04 +0100] "POST /phpmyadmin/index.php?route=/config/get HTTP/1.1" 200 1575
::1 - - [13/Jan/2025:21:22:04 +0100] "POST /phpmyadmin/index.php?route=/navigation&ajax_request=1 HTTP/1.1" 200 2123
::1 - - [13/Jan/2025:21:22:04 +0100] "POST /phpmyadmin/index.php?route=/config/get HTTP/1.1" 200 1665
::1 - - [13/Jan/2025:21:22:04 +0100] "POST /phpmyadmin/index.php?route=/version-check HTTP/1.1" 200 64
::1 - - [13/Jan/2025:21:22:04 +0100] "POST /phpmyadmin/index.php?route=/navigation&ajax_request=1 HTTP/1.1" 200 1591
::1 - - [13/Jan/2025:21:22:04 +0100] "GET /phpmyadmin/themes/pmahomme/img/b_minus.png HTTP/1.1" 200 123
::1 - - [13/Jan/2025:21:22:04 +0100] "POST /phpmyadmin/index.php?route=/config/set HTTP/1.1" 200 1566
::1 - - [13/Jan/2025:21:22:21 +0100] "GET /phpmyadmin/index.php?route=/server/databases&server=1&ajax_request=true&ajax_page_request=true&_nocache=1736799741318122887&token=5b775d645f79377428315d2f7d6d3172 HTTP/1.1" 200 6544
::1 - - [13/Jan/2025:21:22:21 +0100] "GET /phpmyadmin/themes/pmahomme/img/s_asc.png HTTP/1.1" 200 146
::1 - - [13/Jan/2025:21:22:21 +0100] "GET /phpmyadmin/themes/pmahomme/img/b_deltbl.png HTTP/1.1" 200 577
::1 - - [13/Jan/2025:21:22:21 +0100] "GET /phpmyadmin/themes/pmahomme/img/arrow_ltr.png HTTP/1.1" 200 101
::1 - - [13/Jan/2025:21:22:21 +0100] "GET /phpmyadmin/js/dist/server/databases.js?v=5.1.3 HTTP/1.1" 200 5059
::1 - - [13/Jan/2025:21:22:35 +0100] "POST /phpmyadmin/index.php?route=/server/databases/create HTTP/1.1" 200 1980
::1 - - [13/Jan/2025:21:22:35 +0100] "GET /phpmyadmin/themes/pmahomme/img/s_success.png HTTP/1.1" 200 465
::1 - - [13/Jan/2025:21:22:35 +0100] "POST /phpmyadmin/index.php?route=/navigation&ajax_request=1 HTTP/1.1" 200 2182
::1 - - [13/Jan/2025:21:22:35 +0100] "GET /phpmyadmin/index.php?route=/database/structure&db=project&ajax_request=true&ajax_page_request=true&_nocache=1736799755617845357&token=5b775d645f79377428315d2f7d6d3172 HTTP/1.1" 200 3152
::1 - - [13/Jan/2025:21:22:35 +0100] "GET /phpmyadmin/themes/pmahomme/img/b_props.png HTTP/1.1" 200 573
::1 - - [13/Jan/2025:21:22:35 +0100] "GET /phpmyadmin/themes/pmahomme/img/b_search.png HTTP/1.1" 200 538
::1 - - [13/Jan/2025:21:22:35 +0100] "GET /phpmyadmin/themes/pmahomme/img/b_events.png HTTP/1.1" 200 703
::1 - - [13/Jan/2025:21:22:35 +0100] "GET /phpmyadmin/themes/pmahomme/img/b_routines.png HTTP/1.1" 200 306
::1 - - [13/Jan/2025:21:22:35 +0100] "GET /phpmyadmin/themes/pmahomme/img/b_triggers.png HTTP/1.1" 200 446
::1 - - [13/Jan/2025:21:22:35 +0100] "GET /phpmyadmin/themes/pmahomme/img/b_relations.png HTTP/1.1" 200 140
::1 - - [13/Jan/2025:21:22:35 +0100] "GET /phpmyadmin/themes/pmahomme/img/b_table_add.png HTTP/1.1" 200 571
::1 - - [13/Jan/2025:21:22:35 +0100] "GET /phpmyadmin/js/dist/table/change.js?v=5.1.3 HTTP/1.1" 200 29914
::1 - - [13/Jan/2025:21:22:35 +0100] "GET /phpmyadmin/js/dist/database/structure.js?v=5.1.3 HTTP/1.1" 200 16131
::1 - - [13/Jan/2025:21:22:35 +0100] "POST /phpmyadmin/index.php?route=/navigation&ajax_request=1 HTTP/1.1" 200 1591
::1 - - [13/Jan/2025:21:22:41 +0100] "GET /phpmyadmin/themes/pmahomme/img/s_lock.png HTTP/1.1" 200 667
::1 - - [13/Jan/2025:21:22:45 +0100] "POST /phpmyadmin/index.php?route=/table/create HTTP/1.1" 200 29568
::1 - - [13/Jan/2025:21:22:45 +0100] "GET /phpmyadmin/js/vendor/jquery/jquery.uitablefilter.js?v=5.1.3 HTTP/1.1" 200 3247
::1 - - [13/Jan/2025:21:22:45 +0100] "GET /phpmyadmin/index.php?route=/recent-table&ajax_request=1&recent_table=1&no_debug=true&_nocache=1736799765896255662&token=5b775d645f79377428315d2f7d6d3172 HTTP/1.1" 200 1596
::1 - - [13/Jan/2025:21:23:08 +0100] "POST /phpmyadmin/index.php?route=/table/indexes HTTP/1.1" 200 2989
::1 - - [13/Jan/2025:21:23:08 +0100] "GET /phpmyadmin/themes/pmahomme/jquery/images/ui-bg_highlight-soft_75_cccccc_1x100.png HTTP/1.1" 200 122
::1 - - [13/Jan/2025:21:23:08 +0100] "GET /phpmyadmin/themes/pmahomme/jquery/images/ui-bg_glass_75_e6e6e6_1x400.png HTTP/1.1" 200 121
::1 - - [13/Jan/2025:21:23:08 +0100] "GET /phpmyadmin/themes/pmahomme/jquery/images/ui-icons_888888_256x240.png HTTP/1.1" 200 3765
::1 - - [13/Jan/2025:21:23:08 +0100] "GET /phpmyadmin/themes/pmahomme/img/s_sortable.png HTTP/1.1" 200 204
::1 - - [13/Jan/2025:21:23:08 +0100] "GET /phpmyadmin/themes/pmahomme/jquery/images/ui-icons_222222_256x240.png HTTP/1.1" 200 3765
::1 - - [13/Jan/2025:21:23:10 +0100] "GET /phpmyadmin/themes/pmahomme/jquery/images/ui-bg_glass_75_dadada_1x400.png HTTP/1.1" 200 126
::1 - - [13/Jan/2025:21:23:11 +0100] "GET /phpmyadmin/themes/pmahomme/jquery/images/ui-bg_glass_65_ffffff_1x400.png HTTP/1.1" 200 73
::1 - - [13/Jan/2025:21:23:17 +0100] "POST /phpmyadmin/index.php?route=/table/structure/reserved-word-check HTTP/1.1" 200 104
::1 - - [13/Jan/2025:21:23:17 +0100] "POST /phpmyadmin/index.php?route=/table/create HTTP/1.1" 200 1816
::1 - - [13/Jan/2025:21:23:17 +0100] "GET /phpmyadmin/index.php?route=/database/structure&server=1&db=project&table=Klanten&ajax_request=true&ajax_page_request=true&_nocache=1736799797690141071&token=5b775d645f79377428315d2f7d6d3172 HTTP/1.1" 200 5293
::1 - - [13/Jan/2025:21:23:17 +0100] "GET /phpmyadmin/themes/pmahomme/img/s_tbl.png HTTP/1.1" 200 645
::1 - - [13/Jan/2025:21:23:17 +0100] "GET /phpmyadmin/themes/pmahomme/img/b_browse.png HTTP/1.1" 200 486
::1 - - [13/Jan/2025:21:23:17 +0100] "GET /phpmyadmin/themes/pmahomme/img/b_tblexport.png HTTP/1.1" 200 514
::1 - - [13/Jan/2025:21:23:17 +0100] "GET /phpmyadmin/themes/pmahomme/img/b_insrow.png HTTP/1.1" 200 157
::1 - - [13/Jan/2025:21:23:17 +0100] "GET /phpmyadmin/themes/pmahomme/img/b_tblimport.png HTTP/1.1" 200 556
::1 - - [13/Jan/2025:21:23:17 +0100] "GET /phpmyadmin/themes/pmahomme/img/bd_browse.png HTTP/1.1" 200 271
::1 - - [13/Jan/2025:21:23:17 +0100] "GET /phpmyadmin/themes/pmahomme/img/bd_empty.png HTTP/1.1" 200 327
::1 - - [13/Jan/2025:21:23:17 +0100] "GET /phpmyadmin/themes/pmahomme/img/b_no_favorite.png HTTP/1.1" 200 377
::1 - - [13/Jan/2025:21:23:17 +0100] "GET /phpmyadmin/themes/pmahomme/img/bd_select.png HTTP/1.1" 200 325
::1 - - [13/Jan/2025:21:23:17 +0100] "GET /phpmyadmin/themes/pmahomme/img/b_drop.png HTTP/1.1" 200 637
::1 - - [13/Jan/2025:21:23:17 +0100] "GET /phpmyadmin/themes/pmahomme/img/b_print.png HTTP/1.1" 200 639
::1 - - [13/Jan/2025:21:23:17 +0100] "GET /phpmyadmin/themes/pmahomme/img/b_tblanalyse.png HTTP/1.1" 200 152
::1 - - [13/Jan/2025:21:23:17 +0100] "POST /phpmyadmin/index.php?route=/navigation&ajax_request=1 HTTP/1.1" 200 2418
::1 - - [13/Jan/2025:21:23:17 +0100] "GET /phpmyadmin/index.php?route=/table/structure&server=1&db=project&token=5b775d645f79377428315d2f7d6d3172&goto=index.php%3Froute%3D%2Fdatabase%2Fstructure&table=klanten&ajax_request=true&ajax_page_request=true&_nocache=173679979769163952&token=5b775d645f79377428315d2f7d6d3172 HTTP/1.1" 200 7980
::1 - - [13/Jan/2025:21:23:18 +0100] "GET /phpmyadmin/themes/pmahomme/img/b_primary.png HTTP/1.1" 200 536
::1 - - [13/Jan/2025:21:23:18 +0100] "GET /phpmyadmin/themes/pmahomme/img/b_edit.png HTTP/1.1" 304 -
::1 - - [13/Jan/2025:21:23:18 +0100] "GET /phpmyadmin/themes/pmahomme/img/b_more.png HTTP/1.1" 200 111
::1 - - [13/Jan/2025:21:23:18 +0100] "GET /phpmyadmin/themes/pmahomme/img/b_index.png HTTP/1.1" 200 643
::1 - - [13/Jan/2025:21:23:18 +0100] "GET /phpmyadmin/themes/pmahomme/img/b_unique.png HTTP/1.1" 200 583
::1 - - [13/Jan/2025:21:23:18 +0100] "GET /phpmyadmin/themes/pmahomme/img/b_spatial.png HTTP/1.1" 200 376
::1 - - [13/Jan/2025:21:23:18 +0100] "GET /phpmyadmin/themes/pmahomme/img/b_ftext.png HTTP/1.1" 200 550
::1 - - [13/Jan/2025:21:23:18 +0100] "GET /phpmyadmin/themes/pmahomme/img/normalize.png HTTP/1.1" 200 505
::1 - - [13/Jan/2025:21:23:18 +0100] "GET /phpmyadmin/themes/pmahomme/img/b_move.png HTTP/1.1" 200 381
::1 - - [13/Jan/2025:21:23:18 +0100] "GET /phpmyadmin/themes/pmahomme/img/b_rename.svg HTTP/1.1" 200 881
::1 - - [13/Jan/2025:21:23:18 +0100] "GET /phpmyadmin/js/dist/table/structure.js?v=5.1.3 HTTP/1.1" 200 18090
::1 - - [13/Jan/2025:21:23:17 +0100] "GET /phpmyadmin/index.php?route=/recent-table&ajax_request=1&recent_table=1&no_debug=true&_nocache=1736799797989124193&token=5b775d645f79377428315d2f7d6d3172 HTTP/1.1" 200 1638
::1 - - [13/Jan/2025:21:23:18 +0100] "GET /phpmyadmin/index.php?route=/recent-table&ajax_request=1&recent_table=1&no_debug=true&_nocache=1736799798438395064&token=5b775d645f79377428315d2f7d6d3172 HTTP/1.1" 200 1638
::1 - - [13/Jan/2025:21:23:23 +0100] "POST /phpmyadmin/index.php?route=/table/add-field HTTP/1.1" 200 8816
::1 - - [13/Jan/2025:21:23:23 +0100] "GET /phpmyadmin/index.php?route=/recent-table&ajax_request=1&recent_table=1&no_debug=true&_nocache=1736799803897819339&token=5b775d645f79377428315d2f7d6d3172 HTTP/1.1" 200 1638
::1 - - [13/Jan/2025:21:23:24 +0100] "GET /phpmyadmin/themes/pmahomme/img/s_unlink.png HTTP/1.1" 200 589
::1 - - [13/Jan/2025:21:23:31 +0100] "POST /phpmyadmin/index.php?route=/table/structure/reserved-word-check HTTP/1.1" 200 104
::1 - - [13/Jan/2025:21:23:31 +0100] "POST /phpmyadmin/index.php?route=/table/add-field HTTP/1.1" 200 2092
::1 - - [13/Jan/2025:21:23:31 +0100] "POST /phpmyadmin/index.php?route=/navigation&ajax_request=1 HTTP/1.1" 200 2418
::1 - - [13/Jan/2025:21:23:31 +0100] "GET /phpmyadmin/index.php?route=/table/structure&db=project&table=klanten&ajax_request=1 HTTP/1.1" 200 8341
::1 - - [13/Jan/2025:21:23:43 +0100] "POST /phpmyadmin/index.php?route=/table/add-field HTTP/1.1" 200 8818
::1 - - [13/Jan/2025:21:23:43 +0100] "GET /phpmyadmin/index.php?route=/recent-table&ajax_request=1&recent_table=1&no_debug=true&_nocache=1736799823163550674&token=5b775d645f79377428315d2f7d6d3172 HTTP/1.1" 200 1638
::1 - - [13/Jan/2025:21:23:46 +0100] "POST /phpmyadmin/index.php?route=/table/structure/reserved-word-check HTTP/1.1" 200 1692
::1 - - [13/Jan/2025:21:23:55 +0100] "POST /phpmyadmin/index.php?route=/table/structure/reserved-word-check HTTP/1.1" 200 104
::1 - - [13/Jan/2025:21:23:55 +0100] "POST /phpmyadmin/index.php?route=/table/add-field HTTP/1.1" 200 2094
::1 - - [13/Jan/2025:21:23:55 +0100] "GET /phpmyadmin/index.php?route=/table/structure&db=project&table=klanten&ajax_request=1 HTTP/1.1" 200 8562
::1 - - [13/Jan/2025:21:23:55 +0100] "POST /phpmyadmin/index.php?route=/navigation&ajax_request=1 HTTP/1.1" 200 2418
::1 - - [13/Jan/2025:21:23:59 +0100] "GET /phpmyadmin/index.php?route=/table/structure/change&db=project&table=klanten&field=Control&change_column=1 HTTP/1.1" 200 16702
::1 - - [13/Jan/2025:21:23:59 +0100] "GET /phpmyadmin/themes/pmahomme/jquery/jquery-ui.css HTTP/1.1" 304 -
::1 - - [13/Jan/2025:21:23:59 +0100] "GET /phpmyadmin/js/vendor/codemirror/lib/codemirror.css?v=5.1.3 HTTP/1.1" 304 -
::1 - - [13/Jan/2025:21:23:59 +0100] "GET /phpmyadmin/js/vendor/codemirror/addon/hint/show-hint.css?v=5.1.3 HTTP/1.1" 304 -
::1 - - [13/Jan/2025:21:23:59 +0100] "GET /phpmyadmin/js/vendor/sprintf.js?v=5.1.3 HTTP/1.1" 304 -
::1 - - [13/Jan/2025:21:23:59 +0100] "GET /phpmyadmin/js/vendor/jquery/jquery-migrate.js?v=5.1.3 HTTP/1.1" 304 -
::1 - - [13/Jan/2025:21:23:59 +0100] "GET /phpmyadmin/js/dist/ajax.js?v=5.1.3 HTTP/1.1" 304 -
::1 - - [13/Jan/2025:21:23:59 +0100] "GET /phpmyadmin/themes/pmahomme/css/theme.css?v=5.1.3&nocache=981549054ltr&server=1 HTTP/1.1" 200 216145
::1 - - [13/Jan/2025:21:23:59 +0100] "GET /phpmyadmin/js/vendor/codemirror/addon/lint/lint.css?v=5.1.3 HTTP/1.1" 304 -
::1 - - [13/Jan/2025:21:23:59 +0100] "GET /phpmyadmin/js/dist/keyhandler.js?v=5.1.3 HTTP/1.1" 304 -
::1 - - [13/Jan/2025:21:23:59 +0100] "GET /phpmyadmin/js/vendor/jquery/jquery-ui.min.js?v=5.1.3 HTTP/1.1" 304 -
::1 - - [13/Jan/2025:21:23:59 +0100] "GET /phpmyadmin/js/vendor/js.cookie.js?v=5.1.3 HTTP/1.1" 304 -
::1 - - [13/Jan/2025:21:23:59 +0100] "GET /phpmyadmin/js/vendor/bootstrap/bootstrap.bundle.min.js?v=5.1.3 HTTP/1.1" 304 -
::1 - - [13/Jan/2025:21:23:59 +0100] "GET /phpmyadmin/js/vendor/jquery/jquery.mousewheel.js?v=5.1.3 HTTP/1.1" 304 -
::1 - - [13/Jan/2025:21:23:59 +0100] "GET /phpmyadmin/js/vendor/jquery/jquery-ui-timepicker-addon.js?v=5.1.3 HTTP/1.1" 304 -
::1 - - [13/Jan/2025:21:23:59 +0100] "GET /phpmyadmin/js/vendor/jquery/jquery.ba-hashchange-2.0.js?v=5.1.3 HTTP/1.1" 304 -
::1 - - [13/Jan/2025:21:23:59 +0100] "GET /phpmyadmin/js/vendor/jquery/jquery.validate.js?v=5.1.3 HTTP/1.1" 304 -
::1 - - [13/Jan/2025:21:23:59 +0100] "GET /phpmyadmin/js/vendor/jquery/jquery.debounce-1.0.6.js?v=5.1.3 HTTP/1.1" 304 -
::1 - - [13/Jan/2025:21:23:59 +0100] "GET /phpmyadmin/js/dist/menu_resizer.js?v=5.1.3 HTTP/1.1" 304 -
::1 - - [13/Jan/2025:21:23:59 +0100] "GET /phpmyadmin/js/dist/cross_framing_protection.js?v=5.1.3 HTTP/1.1" 304 -
::1 - - [13/Jan/2025:21:23:59 +0100] "GET /phpmyadmin/js/dist/rte.js?v=5.1.3 HTTP/1.1" 304 -
::1 - - [13/Jan/2025:21:23:59 +0100] "GET /phpmyadmin/js/dist/navigation.js?v=5.1.3 HTTP/1.1" 304 -
::1 - - [13/Jan/2025:21:23:59 +0100] "GET /phpmyadmin/js/dist/indexes.js?v=5.1.3 HTTP/1.1" 304 -
::1 - - [13/Jan/2025:21:23:59 +0100] "GET /phpmyadmin/js/dist/config.js?v=5.1.3 HTTP/1.1" 304 -
::1 - - [13/Jan/2025:21:23:59 +0100] "GET /phpmyadmin/js/dist/doclinks.js?v=5.1.3 HTTP/1.1" 304 -
::1 - - [13/Jan/2025:21:23:59 +0100] "GET /phpmyadmin/js/dist/common.js?v=5.1.3 HTTP/1.1" 304 -
::1 - - [13/Jan/2025:21:23:59 +0100] "GET /phpmyadmin/js/vendor/jquery/jquery.uitablefilter.js?v=5.1.3 HTTP/1.1" 304 -
::1 - - [13/Jan/2025:21:23:59 +0100] "GET /phpmyadmin/js/dist/page_settings.js?v=5.1.3 HTTP/1.1" 304 -
::1 - - [13/Jan/2025:21:23:59 +0100] "GET /phpmyadmin/js/vendor/codemirror/lib/codemirror.js?v=5.1.3 HTTP/1.1" 304 -
::1 - - [13/Jan/2025:21:23:59 +0100] "GET /phpmyadmin/js/vendor/codemirror/addon/runmode/runmode.js?v=5.1.3 HTTP/1.1" 304 -
::1 - - [13/Jan/2025:21:23:59 +0100] "GET /phpmyadmin/js/vendor/codemirror/addon/hint/show-hint.js?v=5.1.3 HTTP/1.1" 304 -
::1 - - [13/Jan/2025:21:23:59 +0100] "GET /phpmyadmin/js/vendor/codemirror/mode/sql/sql.js?v=5.1.3 HTTP/1.1" 304 -
::1 - - [13/Jan/2025:21:23:59 +0100] "GET /phpmyadmin/js/dist/drag_drop_import.js?v=5.1.3 HTTP/1.1" 304 -
::1 - - [13/Jan/2025:21:23:59 +0100] "GET /phpmyadmin/js/dist/error_report.js?v=5.1.3 HTTP/1.1" 304 -
::1 - - [13/Jan/2025:21:23:59 +0100] "GET /phpmyadmin/js/dist/codemirror/addon/lint/sql-lint.js?v=5.1.3 HTTP/1.1" 304 -
::1 - - [13/Jan/2025:21:23:59 +0100] "GET /phpmyadmin/js/vendor/codemirror/addon/hint/sql-hint.js?v=5.1.3 HTTP/1.1" 304 -
::1 - - [13/Jan/2025:21:23:59 +0100] "GET /phpmyadmin/js/vendor/codemirror/addon/lint/lint.js?v=5.1.3 HTTP/1.1" 304 -
::1 - - [13/Jan/2025:21:23:59 +0100] "GET /phpmyadmin/js/vendor/tracekit.js?v=5.1.3 HTTP/1.1" 304 -
::1 - - [13/Jan/2025:21:23:59 +0100] "GET /phpmyadmin/js/dist/shortcuts_handler.js?v=5.1.3 HTTP/1.1" 304 -
::1 - - [13/Jan/2025:21:23:59 +0100] "GET /phpmyadmin/themes/dot.gif HTTP/1.1" 304 -
::1 - - [13/Jan/2025:21:23:59 +0100] "GET /phpmyadmin/themes/pmahomme/img/logo_left.png HTTP/1.1" 304 -
::1 - - [13/Jan/2025:21:23:59 +0100] "GET /phpmyadmin/themes/pmahomme/css/printview.css?v=5.1.3 HTTP/1.1" 304 -
::1 - - [13/Jan/2025:21:23:59 +0100] "GET /phpmyadmin/themes/pmahomme/img/left_nav_bg.png HTTP/1.1" 304 -
::1 - - [13/Jan/2025:21:23:59 +0100] "GET /phpmyadmin/themes/pmahomme/img/s_cog.png HTTP/1.1" 304 -
::1 - - [13/Jan/2025:21:23:59 +0100] "GET /phpmyadmin/themes/pmahomme/img/b_docs.png HTTP/1.1" 304 -
::1 - - [13/Jan/2025:21:23:59 +0100] "GET /phpmyadmin/themes/pmahomme/img/b_home.png HTTP/1.1" 304 -
::1 - - [13/Jan/2025:21:23:59 +0100] "GET /phpmyadmin/themes/pmahomme/img/s_loggoff.png HTTP/1.1" 304 -
::1 - - [13/Jan/2025:21:23:59 +0100] "GET /phpmyadmin/themes/pmahomme/img/b_sqlhelp.png HTTP/1.1" 304 -
::1 - - [13/Jan/2025:21:23:59 +0100] "GET /phpmyadmin/themes/pmahomme/img/s_reload.png HTTP/1.1" 304 -
::1 - - [13/Jan/2025:21:23:59 +0100] "GET /phpmyadmin/themes/pmahomme/img/b_help.png HTTP/1.1" 304 -
::1 - - [13/Jan/2025:21:23:59 +0100] "GET /phpmyadmin/themes/pmahomme/img/b_plus.png HTTP/1.1" 304 -
::1 - - [13/Jan/2025:21:23:59 +0100] "GET /phpmyadmin/themes/pmahomme/img/b_newdb.png HTTP/1.1" 304 -
::1 - - [13/Jan/2025:21:23:59 +0100] "GET /phpmyadmin/themes/pmahomme/img/s_rights.png HTTP/1.1" 304 -
::1 - - [13/Jan/2025:21:23:59 +0100] "GET /phpmyadmin/themes/pmahomme/img/b_search.png HTTP/1.1" 304 -
::1 - - [13/Jan/2025:21:23:59 +0100] "GET /phpmyadmin/themes/pmahomme/img/b_props.png HTTP/1.1" 304 -
::1 - - [13/Jan/2025:21:23:59 +0100] "GET /phpmyadmin/themes/pmahomme/img/s_top.png HTTP/1.1" 304 -
::1 - - [13/Jan/2025:21:23:59 +0100] "GET /phpmyadmin/themes/pmahomme/img/s_db.png HTTP/1.1" 304 -
::1 - - [13/Jan/2025:21:23:59 +0100] "GET /phpmyadmin/themes/pmahomme/img/b_tblops.png HTTP/1.1" 304 -
::1 - - [13/Jan/2025:21:23:59 +0100] "GET /phpmyadmin/themes/pmahomme/img/b_triggers.png HTTP/1.1" 304 -
::1 - - [13/Jan/2025:21:23:59 +0100] "GET /phpmyadmin/themes/pmahomme/img/b_sql.png HTTP/1.1" 304 -
::1 - - [13/Jan/2025:21:23:59 +0100] "GET /phpmyadmin/themes/pmahomme/img/s_link.png HTTP/1.1" 304 -
::1 - - [13/Jan/2025:21:23:59 +0100] "GET /phpmyadmin/themes/pmahomme/img/window-new.png HTTP/1.1" 304 -
::1 - - [13/Jan/2025:21:23:59 +0100] "GET /phpmyadmin/themes/pmahomme/img/s_host.png HTTP/1.1" 304 -
::1 - - [13/Jan/2025:21:23:59 +0100] "GET /phpmyadmin/themes/pmahomme/img/console.png HTTP/1.1" 304 -
::1 - - [13/Jan/2025:21:23:59 +0100] "POST /phpmyadmin/index.php?route=/config/get HTTP/1.1" 200 1664
::1 - - [13/Jan/2025:21:23:59 +0100] "POST /phpmyadmin/index.php?route=/navigation&ajax_request=1 HTTP/1.1" 200 2418
::1 - - [13/Jan/2025:21:23:59 +0100] "GET /phpmyadmin/themes/pmahomme/img/b_table_add.png HTTP/1.1" 304 -
::1 - - [13/Jan/2025:21:23:59 +0100] "GET /phpmyadmin/themes/pmahomme/img/b_minus.png HTTP/1.1" 304 -
::1 - - [13/Jan/2025:21:23:59 +0100] "POST /phpmyadmin/index.php?route=/config/get HTTP/1.1" 200 1575
::1 - - [13/Jan/2025:21:23:59 +0100] "GET /phpmyadmin/index.php?route=/recent-table&ajax_request=1&recent_table=1&no_debug=true&_nocache=1736799839518308239&token=5b775d645f79377428315d2f7d6d3172 HTTP/1.1" 200 1638
::1 - - [13/Jan/2025:21:23:59 +0100] "POST /phpmyadmin/index.php?route=/config/set HTTP/1.1" 200 1566
::1 - - [13/Jan/2025:21:24:01 +0100] "GET /phpmyadmin/themes/pmahomme/img/s_lock.png HTTP/1.1" 304 -
::1 - - [13/Jan/2025:21:24:08 +0100] "POST /phpmyadmin/index.php?route=/table/structure/save HTTP/1.1" 200 15666
::1 - - [13/Jan/2025:21:24:08 +0100] "GET /phpmyadmin/themes/pmahomme/css/theme.css?v=5.1.3&nocache=660935169ltr&server=1 HTTP/1.1" 200 216145
::1 - - [13/Jan/2025:21:24:08 +0100] "GET /phpmyadmin/themes/pmahomme/img/arrow_ltr.png HTTP/1.1" 304 -
::1 - - [13/Jan/2025:21:24:08 +0100] "GET /phpmyadmin/themes/pmahomme/img/s_success.png HTTP/1.1" 304 -
::1 - - [13/Jan/2025:21:24:08 +0100] "GET /phpmyadmin/themes/pmahomme/img/b_relations.png HTTP/1.1" 304 -
::1 - - [13/Jan/2025:21:24:08 +0100] "GET /phpmyadmin/themes/pmahomme/img/s_notice.png HTTP/1.1" 304 -
::1 - - [13/Jan/2025:21:24:08 +0100] "POST /phpmyadmin/index.php?route=/config/get HTTP/1.1" 200 1575
::1 - - [13/Jan/2025:21:24:08 +0100] "POST /phpmyadmin/index.php?route=/navigation&ajax_request=1 HTTP/1.1" 200 2418
::1 - - [13/Jan/2025:21:24:08 +0100] "POST /phpmyadmin/index.php?route=/config/get HTTP/1.1" 200 1664
::1 - - [13/Jan/2025:21:24:08 +0100] "GET /phpmyadmin/index.php?route=/recent-table&ajax_request=1&recent_table=1&no_debug=true&_nocache=1736799848211284383&token=5b775d645f79377428315d2f7d6d3172 HTTP/1.1" 200 1638
::1 - - [13/Jan/2025:21:24:08 +0100] "POST /phpmyadmin/index.php?route=/config/set HTTP/1.1" 200 1566
::1 - - [13/Jan/2025:21:24:08 +0100] "GET /phpmyadmin/themes/pmahomme/img/bd_primary.png HTTP/1.1" 200 294
::1 - - [13/Jan/2025:21:24:08 +0100] "GET /phpmyadmin/themes/pmahomme/img/bd_unique.png HTTP/1.1" 200 308
::1 - - [13/Jan/2025:21:24:08 +0100] "GET /phpmyadmin/themes/pmahomme/img/bd_spatial.png HTTP/1.1" 200 243
::1 - - [13/Jan/2025:21:24:08 +0100] "GET /phpmyadmin/themes/pmahomme/img/bd_index.png HTTP/1.1" 200 335
::1 - - [13/Jan/2025:21:24:13 +0100] "GET /phpmyadmin/index.php?route=/table/structure/change&db=project&table=klanten&field=KlantID&change_column=1 HTTP/1.1" 200 16708
::1 - - [13/Jan/2025:21:24:14 +0100] "GET /phpmyadmin/themes/pmahomme/css/theme.css?v=5.1.3&nocache=560725101ltr&server=1 HTTP/1.1" 200 216145
::1 - - [13/Jan/2025:21:24:14 +0100] "POST /phpmyadmin/index.php?route=/config/get HTTP/1.1" 200 1664
::1 - - [13/Jan/2025:21:24:14 +0100] "POST /phpmyadmin/index.php?route=/config/get HTTP/1.1" 200 1575
::1 - - [13/Jan/2025:21:24:14 +0100] "POST /phpmyadmin/index.php?route=/navigation&ajax_request=1 HTTP/1.1" 200 2418
::1 - - [13/Jan/2025:21:24:14 +0100] "GET /phpmyadmin/index.php?route=/recent-table&ajax_request=1&recent_table=1&no_debug=true&_nocache=1736799854092768158&token=5b775d645f79377428315d2f7d6d3172 HTTP/1.1" 200 1638
::1 - - [13/Jan/2025:21:24:14 +0100] "POST /phpmyadmin/index.php?route=/config/set HTTP/1.1" 200 1566
::1 - - [13/Jan/2025:21:24:26 +0100] "POST /phpmyadmin/index.php?route=/table/structure/save HTTP/1.1" 200 15360
::1 - - [13/Jan/2025:21:24:26 +0100] "GET /phpmyadmin/themes/pmahomme/css/theme.css?v=5.1.3&nocache=-1301956952ltr&server=1 HTTP/1.1" 200 216145
::1 - - [13/Jan/2025:21:24:26 +0100] "GET /phpmyadmin/js/dist/table/structure.js?v=5.1.3 HTTP/1.1" 304 -
::1 - - [13/Jan/2025:21:24:26 +0100] "GET /phpmyadmin/themes/pmahomme/img/s_tbl.png HTTP/1.1" 304 -
::1 - - [13/Jan/2025:21:24:26 +0100] "GET /phpmyadmin/themes/pmahomme/img/b_browse.png HTTP/1.1" 304 -
::1 - - [13/Jan/2025:21:24:26 +0100] "GET /phpmyadmin/themes/pmahomme/img/b_tblexport.png HTTP/1.1" 304 -
::1 - - [13/Jan/2025:21:24:26 +0100] "GET /phpmyadmin/themes/pmahomme/img/b_insrow.png HTTP/1.1" 304 -
::1 - - [13/Jan/2025:21:24:26 +0100] "GET /phpmyadmin/themes/pmahomme/img/b_primary.png HTTP/1.1" 304 -
::1 - - [13/Jan/2025:21:24:26 +0100] "GET /phpmyadmin/themes/pmahomme/img/b_tblimport.png HTTP/1.1" 304 -
::1 - - [13/Jan/2025:21:24:26 +0100] "GET /phpmyadmin/themes/pmahomme/img/b_edit.png HTTP/1.1" 304 -
::1 - - [13/Jan/2025:21:24:26 +0100] "GET /phpmyadmin/themes/pmahomme/img/b_drop.png HTTP/1.1" 304 -
::1 - - [13/Jan/2025:21:24:26 +0100] "GET /phpmyadmin/themes/pmahomme/img/b_index.png HTTP/1.1" 304 -
::1 - - [13/Jan/2025:21:24:26 +0100] "GET /phpmyadmin/themes/pmahomme/img/b_more.png HTTP/1.1" 304 -
::1 - - [13/Jan/2025:21:24:26 +0100] "GET /phpmyadmin/themes/pmahomme/img/normalize.png HTTP/1.1" 304 -
::1 - - [13/Jan/2025:21:24:26 +0100] "GET /phpmyadmin/themes/pmahomme/img/b_spatial.png HTTP/1.1" 304 -
::1 - - [13/Jan/2025:21:24:26 +0100] "GET /phpmyadmin/themes/pmahomme/img/b_ftext.png HTTP/1.1" 304 -
::1 - - [13/Jan/2025:21:24:26 +0100] "GET /phpmyadmin/themes/pmahomme/img/b_unique.png HTTP/1.1" 304 -
::1 - - [13/Jan/2025:21:24:26 +0100] "GET /phpmyadmin/themes/pmahomme/img/b_move.png HTTP/1.1" 304 -
::1 - - [13/Jan/2025:21:24:26 +0100] "GET /phpmyadmin/themes/pmahomme/img/b_tblanalyse.png HTTP/1.1" 304 -
::1 - - [13/Jan/2025:21:24:26 +0100] "GET /phpmyadmin/themes/pmahomme/img/b_rename.svg HTTP/1.1" 304 -
::1 - - [13/Jan/2025:21:24:26 +0100] "GET /phpmyadmin/themes/pmahomme/img/b_print.png HTTP/1.1" 304 -
::1 - - [13/Jan/2025:21:24:26 +0100] "GET /phpmyadmin/themes/pmahomme/img/bd_ftext.png HTTP/1.1" 200 286
::1 - - [13/Jan/2025:21:24:26 +0100] "POST /phpmyadmin/index.php?route=/config/get HTTP/1.1" 200 1664
::1 - - [13/Jan/2025:21:24:26 +0100] "GET /phpmyadmin/index.php?route=/recent-table&ajax_request=1&recent_table=1&no_debug=true&_nocache=1736799866649459263&token=5b775d645f79377428315d2f7d6d3172 HTTP/1.1" 200 1638
::1 - - [13/Jan/2025:21:24:26 +0100] "POST /phpmyadmin/index.php?route=/navigation&ajax_request=1 HTTP/1.1" 200 2418
::1 - - [13/Jan/2025:21:24:26 +0100] "POST /phpmyadmin/index.php?route=/config/get HTTP/1.1" 200 1575
::1 - - [13/Jan/2025:21:24:26 +0100] "POST /phpmyadmin/index.php?route=/config/set HTTP/1.1" 200 1566
::1 - - [13/Jan/2025:21:24:29 +0100] "GET /phpmyadmin/themes/pmahomme/img/ajax_clock_small.gif HTTP/1.1" 304 -
::1 - - [13/Jan/2025:21:24:29 +0100] "GET /phpmyadmin/index.php?route=/database/structure&server=1&db=project&ajax_request=true&ajax_page_request=true&_nocache=1736799869328895942&token=5b775d645f79377428315d2f7d6d3172 HTTP/1.1" 200 5296
::1 - - [13/Jan/2025:21:24:29 +0100] "GET /phpmyadmin/themes/pmahomme/img/b_export.png HTTP/1.1" 304 -
::1 - - [13/Jan/2025:21:24:29 +0100] "GET /phpmyadmin/themes/pmahomme/img/b_import.png HTTP/1.1" 304 -
::1 - - [13/Jan/2025:21:24:29 +0100] "GET /phpmyadmin/themes/pmahomme/img/b_events.png HTTP/1.1" 304 -
::1 - - [13/Jan/2025:21:24:29 +0100] "GET /phpmyadmin/themes/pmahomme/img/b_routines.png HTTP/1.1" 304 -
::1 - - [13/Jan/2025:21:24:29 +0100] "GET /phpmyadmin/themes/pmahomme/img/b_no_favorite.png HTTP/1.1" 304 -
::1 - - [13/Jan/2025:21:24:29 +0100] "GET /phpmyadmin/themes/pmahomme/img/s_asc.png HTTP/1.1" 304 -
::1 - - [13/Jan/2025:21:24:29 +0100] "GET /phpmyadmin/themes/pmahomme/img/bd_browse.png HTTP/1.1" 304 -
::1 - - [13/Jan/2025:21:24:29 +0100] "GET /phpmyadmin/themes/pmahomme/img/bd_select.png HTTP/1.1" 304 -
::1 - - [13/Jan/2025:21:24:29 +0100] "GET /phpmyadmin/themes/pmahomme/img/bd_empty.png HTTP/1.1" 304 -
::1 - - [13/Jan/2025:21:24:29 +0100] "GET /phpmyadmin/js/dist/database/structure.js?v=5.1.3 HTTP/1.1" 304 -
::1 - - [13/Jan/2025:21:24:29 +0100] "GET /phpmyadmin/js/dist/table/change.js?v=5.1.3 HTTP/1.1" 304 -
::1 - - [13/Jan/2025:21:24:30 +0100] "GET /phpmyadmin/index.php?route=/database/structure&server=1&db=project&ajax_request=true&ajax_page_request=true&_nocache=1736799870374646495&token=5b775d645f79377428315d2f7d6d3172 HTTP/1.1" 200 5296
::1 - - [13/Jan/2025:21:24:39 +0100] "POST /phpmyadmin/index.php?route=/table/create HTTP/1.1" 200 29567
::1 - - [13/Jan/2025:21:24:39 +0100] "GET /phpmyadmin/index.php?route=/recent-table&ajax_request=1&recent_table=1&no_debug=true&_nocache=1736799879741566646&token=5b775d645f79377428315d2f7d6d3172 HTTP/1.1" 200 1638
::1 - - [13/Jan/2025:21:25:10 +0100] "POST /phpmyadmin/index.php?route=/table/indexes HTTP/1.1" 200 2992
::1 - - [13/Jan/2025:21:25:10 +0100] "GET /phpmyadmin/themes/pmahomme/jquery/images/ui-bg_highlight-soft_75_cccccc_1x100.png HTTP/1.1" 304 -
::1 - - [13/Jan/2025:21:25:10 +0100] "GET /phpmyadmin/themes/pmahomme/jquery/images/ui-bg_glass_75_e6e6e6_1x400.png HTTP/1.1" 304 -
::1 - - [13/Jan/2025:21:25:10 +0100] "GET /phpmyadmin/themes/pmahomme/jquery/images/ui-icons_888888_256x240.png HTTP/1.1" 304 -
::1 - - [13/Jan/2025:21:25:10 +0100] "GET /phpmyadmin/themes/pmahomme/jquery/images/ui-icons_222222_256x240.png HTTP/1.1" 304 -
::1 - - [13/Jan/2025:21:25:10 +0100] "GET /phpmyadmin/themes/pmahomme/img/s_sortable.png HTTP/1.1" 304 -
::1 - - [13/Jan/2025:21:25:10 +0100] "GET /phpmyadmin/themes/pmahomme/jquery/images/ui-bg_glass_75_dadada_1x400.png HTTP/1.1" 304 -
::1 - - [13/Jan/2025:21:25:10 +0100] "GET /phpmyadmin/themes/pmahomme/jquery/images/ui-bg_glass_65_ffffff_1x400.png HTTP/1.1" 304 -
::1 - - [13/Jan/2025:21:25:14 +0100] "POST /phpmyadmin/index.php?route=/table/structure/reserved-word-check HTTP/1.1" 200 104
::1 - - [13/Jan/2025:21:25:14 +0100] "POST /phpmyadmin/index.php?route=/table/create HTTP/1.1" 200 1829
::1 - - [13/Jan/2025:21:25:14 +0100] "GET /phpmyadmin/index.php?route=/database/structure&server=1&db=project&table=producten&ajax_request=true&ajax_page_request=true&_nocache=1736799914563242258&token=5b775d645f79377428315d2f7d6d3172 HTTP/1.1" 200 5513
::1 - - [13/Jan/2025:21:25:14 +0100] "POST /phpmyadmin/index.php?route=/navigation&ajax_request=1 HTTP/1.1" 200 2477
::1 - - [13/Jan/2025:21:25:14 +0100] "GET /phpmyadmin/index.php?route=/table/structure&server=1&db=project&token=5b775d645f79377428315d2f7d6d3172&goto=index.php%3Froute%3D%2Fdatabase%2Fstructure&table=artikelen&ajax_request=true&ajax_page_request=true&_nocache=1736799914565265814&token=5b775d645f79377428315d2f7d6d3172 HTTP/1.1" 200 8092
::1 - - [13/Jan/2025:21:25:14 +0100] "GET /phpmyadmin/index.php?route=/recent-table&ajax_request=1&recent_table=1&no_debug=true&_nocache=1736799914678933459&token=5b775d645f79377428315d2f7d6d3172 HTTP/1.1" 200 1650
::1 - - [13/Jan/2025:21:25:14 +0100] "GET /phpmyadmin/index.php?route=/recent-table&ajax_request=1&recent_table=1&no_debug=true&_nocache=1736799914794270582&token=5b775d645f79377428315d2f7d6d3172 HTTP/1.1" 200 1650
::1 - - [13/Jan/2025:21:25:18 +0100] "GET /phpmyadmin/index.php?route=/&ajax_request=true&ajax_page_request=true&_nocache=1736799918877649275&token=5b775d645f79377428315d2f7d6d3172 HTTP/1.1" 200 7795
::1 - - [13/Jan/2025:21:25:18 +0100] "GET /phpmyadmin/themes/pmahomme/img/s_status.png HTTP/1.1" 304 -
::1 - - [13/Jan/2025:21:25:18 +0100] "GET /phpmyadmin/themes/pmahomme/img/s_replication.png HTTP/1.1" 304 -
::1 - - [13/Jan/2025:21:25:18 +0100] "GET /phpmyadmin/themes/pmahomme/img/s_vars.png HTTP/1.1" 304 -
::1 - - [13/Jan/2025:21:25:18 +0100] "GET /phpmyadmin/themes/pmahomme/img/b_plugin.png HTTP/1.1" 304 -
::1 - - [13/Jan/2025:21:25:18 +0100] "GET /phpmyadmin/themes/pmahomme/img/s_asci.png HTTP/1.1" 304 -
::1 - - [13/Jan/2025:21:25:18 +0100] "GET /phpmyadmin/themes/pmahomme/img/b_engine.png HTTP/1.1" 304 -
::1 - - [13/Jan/2025:21:25:18 +0100] "GET /phpmyadmin/themes/pmahomme/img/s_passwd.png HTTP/1.1" 304 -
::1 - - [13/Jan/2025:21:25:18 +0100] "GET /phpmyadmin/themes/pmahomme/img/s_lang.png HTTP/1.1" 304 -
::1 - - [13/Jan/2025:21:25:18 +0100] "GET /phpmyadmin/themes/pmahomme/img/s_theme.png HTTP/1.1" 304 -
::1 - - [13/Jan/2025:21:25:18 +0100] "POST /phpmyadmin/index.php?route=/version-check HTTP/1.1" 200 64
::1 - - [13/Jan/2025:21:25:29 +0100] "POST /phpmyadmin/index.php?route=/logout HTTP/1.1" 302 9490
::1 - - [13/Jan/2025:21:25:29 +0100] "GET /phpmyadmin/index.php?route=/ HTTP/1.1" 200 4917
::1 - - [13/Jan/2025:21:25:29 +0100] "GET /phpmyadmin/themes/pmahomme/jquery/jquery-ui.css HTTP/1.1" 304 -
::1 - - [13/Jan/2025:21:25:29 +0100] "GET /phpmyadmin/js/vendor/codemirror/lib/codemirror.css?v=5.1.3 HTTP/1.1" 304 -
::1 - - [13/Jan/2025:21:25:29 +0100] "GET /phpmyadmin/themes/pmahomme/css/theme.css?v=5.1.3&nocache=891437271ltr&server=1 HTTP/1.1" 304 -
::1 - - [13/Jan/2025:21:25:29 +0100] "GET /phpmyadmin/js/vendor/jquery/jquery-migrate.js?v=5.1.3 HTTP/1.1" 304 -
::1 - - [13/Jan/2025:21:25:29 +0100] "GET /phpmyadmin/js/vendor/codemirror/addon/lint/lint.css?v=5.1.3 HTTP/1.1" 304 -
::1 - - [13/Jan/2025:21:25:29 +0100] "GET /phpmyadmin/js/vendor/codemirror/addon/hint/show-hint.css?v=5.1.3 HTTP/1.1" 304 -
::1 - - [13/Jan/2025:21:25:29 +0100] "GET /phpmyadmin/js/vendor/sprintf.js?v=5.1.3 HTTP/1.1" 304 -
::1 - - [13/Jan/2025:21:25:29 +0100] "GET /phpmyadmin/js/dist/ajax.js?v=5.1.3 HTTP/1.1" 304 -
::1 - - [13/Jan/2025:21:25:29 +0100] "GET /phpmyadmin/js/dist/keyhandler.js?v=5.1.3 HTTP/1.1" 304 -
::1 - - [13/Jan/2025:21:25:29 +0100] "GET /phpmyadmin/js/vendor/js.cookie.js?v=5.1.3 HTTP/1.1" 304 -
::1 - - [13/Jan/2025:21:25:29 +0100] "GET /phpmyadmin/js/vendor/jquery/jquery-ui.min.js?v=5.1.3 HTTP/1.1" 304 -
::1 - - [13/Jan/2025:21:25:29 +0100] "GET /phpmyadmin/js/vendor/jquery/jquery.mousewheel.js?v=5.1.3 HTTP/1.1" 304 -
::1 - - [13/Jan/2025:21:25:29 +0100] "GET /phpmyadmin/js/vendor/bootstrap/bootstrap.bundle.min.js?v=5.1.3 HTTP/1.1" 304 -
::1 - - [13/Jan/2025:21:25:29 +0100] "GET /phpmyadmin/js/vendor/jquery/jquery-ui-timepicker-addon.js?v=5.1.3 HTTP/1.1" 304 -
::1 - - [13/Jan/2025:21:25:29 +0100] "GET /phpmyadmin/js/vendor/jquery/jquery.validate.js?v=5.1.3 HTTP/1.1" 304 -
::1 - - [13/Jan/2025:21:25:29 +0100] "GET /phpmyadmin/js/vendor/jquery/jquery.debounce-1.0.6.js?v=5.1.3 HTTP/1.1" 304 -
::1 - - [13/Jan/2025:21:25:29 +0100] "GET /phpmyadmin/js/vendor/jquery/jquery.ba-hashchange-2.0.js?v=5.1.3 HTTP/1.1" 304 -
::1 - - [13/Jan/2025:21:25:29 +0100] "GET /phpmyadmin/js/dist/menu_resizer.js?v=5.1.3 HTTP/1.1" 304 -
::1 - - [13/Jan/2025:21:25:29 +0100] "GET /phpmyadmin/js/dist/rte.js?v=5.1.3 HTTP/1.1" 304 -
::1 - - [13/Jan/2025:21:25:29 +0100] "GET /phpmyadmin/js/dist/cross_framing_protection.js?v=5.1.3 HTTP/1.1" 304 -
::1 - - [13/Jan/2025:21:25:29 +0100] "GET /phpmyadmin/js/dist/config.js?v=5.1.3 HTTP/1.1" 304 -
::1 - - [13/Jan/2025:21:25:29 +0100] "GET /phpmyadmin/js/dist/doclinks.js?v=5.1.3 HTTP/1.1" 304 -
::1 - - [13/Jan/2025:21:25:29 +0100] "GET /phpmyadmin/js/dist/navigation.js?v=5.1.3 HTTP/1.1" 304 -
::1 - - [13/Jan/2025:21:25:29 +0100] "GET /phpmyadmin/js/dist/common.js?v=5.1.3 HTTP/1.1" 304 -
::1 - - [13/Jan/2025:21:25:29 +0100] "GET /phpmyadmin/js/dist/page_settings.js?v=5.1.3 HTTP/1.1" 304 -
::1 - - [13/Jan/2025:21:25:29 +0100] "GET /phpmyadmin/js/dist/indexes.js?v=5.1.3 HTTP/1.1" 304 -
::1 - - [13/Jan/2025:21:25:29 +0100] "GET /phpmyadmin/js/vendor/codemirror/addon/runmode/runmode.js?v=5.1.3 HTTP/1.1" 304 -
::1 - - [13/Jan/2025:21:25:29 +0100] "GET /phpmyadmin/js/vendor/codemirror/mode/sql/sql.js?v=5.1.3 HTTP/1.1" 304 -
::1 - - [13/Jan/2025:21:25:29 +0100] "GET /phpmyadmin/js/vendor/codemirror/lib/codemirror.js?v=5.1.3 HTTP/1.1" 304 -
::1 - - [13/Jan/2025:21:25:29 +0100] "GET /phpmyadmin/js/vendor/codemirror/addon/hint/show-hint.js?v=5.1.3 HTTP/1.1" 304 -
::1 - - [13/Jan/2025:21:25:29 +0100] "GET /phpmyadmin/js/vendor/codemirror/addon/hint/sql-hint.js?v=5.1.3 HTTP/1.1" 304 -
::1 - - [13/Jan/2025:21:25:29 +0100] "GET /phpmyadmin/js/vendor/codemirror/addon/lint/lint.js?v=5.1.3 HTTP/1.1" 304 -
::1 - - [13/Jan/2025:21:25:29 +0100] "GET /phpmyadmin/js/vendor/tracekit.js?v=5.1.3 HTTP/1.1" 304 -
::1 - - [13/Jan/2025:21:25:29 +0100] "GET /phpmyadmin/js/dist/codemirror/addon/lint/sql-lint.js?v=5.1.3 HTTP/1.1" 304 -
::1 - - [13/Jan/2025:21:25:29 +0100] "GET /phpmyadmin/js/dist/drag_drop_import.js?v=5.1.3 HTTP/1.1" 304 -
::1 - - [13/Jan/2025:21:25:29 +0100] "GET /phpmyadmin/js/dist/error_report.js?v=5.1.3 HTTP/1.1" 304 -
::1 - - [13/Jan/2025:21:25:29 +0100] "GET /phpmyadmin/js/dist/shortcuts_handler.js?v=5.1.3 HTTP/1.1" 304 -
::1 - - [13/Jan/2025:21:25:29 +0100] "GET /phpmyadmin/themes/pmahomme/img/logo_right.png HTTP/1.1" 304 -
::1 - - [13/Jan/2025:21:25:29 +0100] "GET /phpmyadmin/themes/dot.gif HTTP/1.1" 304 -
::1 - - [13/Jan/2025:21:25:29 +0100] "GET /phpmyadmin/themes/pmahomme/css/printview.css?v=5.1.3 HTTP/1.1" 304 -
::1 - - [13/Jan/2025:21:25:29 +0100] "GET /phpmyadmin/themes/pmahomme/img/b_help.png HTTP/1.1" 304 -
