2025-01-13T20:21:08.016936Z 0 [Warning] TIMESTAMP with implicit DEFAULT value is deprecated. Please use --explicit_defaults_for_timestamp server option (see documentation for more details).
2025-01-13T20:21:08.016984Z 0 [Note] --secure-file-priv is set to NULL. Operations related to importing and exporting data are disabled
2025-01-13T20:21:08.017243Z 0 [ERROR] Cannot open Windows EventLog; check privileges, or start server with --log_syslog=0
2025-01-13T20:21:08.017251Z 0 [Note] C:\Users\Oubay El Aisati\Documents\GitHub\ProjectBuitenLanders.github.io\usbwebserver/mysql/bin/mysqld_usbwv8.exe (mysqld 5.7.36) starting as process 7992 ...
2025-01-13T20:21:08.023643Z 0 [ERROR] Error message file 'C:\Users\Oubay El Aisati\Documents\GitHub\ProjectBuitenLanders.github.io\usbwebserver\mysql\share\english\errmsg.sys' had only 886 error messages,
                    but it should contain at least 1123 error messages.
                    Check that the above file is the right version for                     this program!
2025-01-13T20:21:08.034815Z 0 [Note] InnoDB: Mutexes and rw_locks use Windows interlocked functions
2025-01-13T20:21:08.035075Z 0 [Note] InnoDB: Uses event mutexes
2025-01-13T20:21:08.035234Z 0 [Note] InnoDB: Memory barrier is not used
2025-01-13T20:21:08.035415Z 0 [Note] InnoDB: Compressed tables use zlib 1.2.11
2025-01-13T20:21:08.035800Z 0 [Note] InnoDB: Number of pools: 1
2025-01-13T20:21:08.036020Z 0 [Note] InnoDB: Not using CPU crc32 instructions
2025-01-13T20:21:08.037650Z 0 [Note] InnoDB: Initializing buffer pool, total size = 128M, instances = 1, chunk size = 128M
2025-01-13T20:21:08.041189Z 0 [Note] InnoDB: Completed initialization of buffer pool
2025-01-13T20:21:08.064308Z 0 [Note] InnoDB: The first innodb_system data file 'ibdata1' did not exist. A new tablespace will be created!
2025-01-13T20:21:08.065279Z 0 [Note] InnoDB: Setting file 'C:\Users\Oubay El Aisati\Documents\GitHub\ProjectBuitenLanders.github.io\usbwebserver\mysql\data\ibdata1' size to 10 MB. Physically writing the file full; Please wait ...
2025-01-13T20:21:08.069620Z 0 [Note] InnoDB: File 'C:\Users\Oubay El Aisati\Documents\GitHub\ProjectBuitenLanders.github.io\usbwebserver\mysql\data\ibdata1' size is now 10 MB.
2025-01-13T20:21:08.071498Z 0 [Note] InnoDB: Setting log file C:\Users\Oubay El Aisati\Documents\GitHub\ProjectBuitenLanders.github.io\usbwebserver\mysql\data\ib_logfile101 size to 5 MB
2025-01-13T20:21:08.074025Z 0 [Note] InnoDB: Setting log file C:\Users\Oubay El Aisati\Documents\GitHub\ProjectBuitenLanders.github.io\usbwebserver\mysql\data\ib_logfile1 size to 5 MB
2025-01-13T20:21:08.084596Z 0 [Note] InnoDB: Renaming log file C:\Users\Oubay El Aisati\Documents\GitHub\ProjectBuitenLanders.github.io\usbwebserver\mysql\data\ib_logfile101 to C:\Users\Oubay El Aisati\Documents\GitHub\ProjectBuitenLanders.github.io\usbwebserver\mysql\data\ib_logfile0
2025-01-13T20:21:08.088766Z 0 [Warning] InnoDB: New log files created, LSN=45790
2025-01-13T20:21:08.089000Z 0 [Note] InnoDB: Creating shared tablespace for temporary tables
2025-01-13T20:21:08.089402Z 0 [Note] InnoDB: Setting file 'C:\Users\Oubay El Aisati\Documents\GitHub\ProjectBuitenLanders.github.io\usbwebserver\mysql\data\ibtmp1' size to 12 MB. Physically writing the file full; Please wait ...
2025-01-13T20:21:08.094249Z 0 [Note] InnoDB: File 'C:\Users\Oubay El Aisati\Documents\GitHub\ProjectBuitenLanders.github.io\usbwebserver\mysql\data\ibtmp1' size is now 12 MB.
2025-01-13T20:21:08.100479Z 0 [Note] InnoDB: Doublewrite buffer not found: creating new
2025-01-13T20:21:08.105739Z 0 [Note] InnoDB: Doublewrite buffer created
2025-01-13T20:21:08.127875Z 0 [Note] InnoDB: 96 redo rollback segment(s) found. 96 redo rollback segment(s) are active.
2025-01-13T20:21:08.128193Z 0 [Note] InnoDB: 32 non-redo rollback segment(s) are active.
2025-01-13T20:21:08.128631Z 0 [Warning] InnoDB: Creating foreign key constraint system tables.
2025-01-13T20:21:08.130795Z 0 [Note] InnoDB: Foreign key constraint system tables created
2025-01-13T20:21:08.131040Z 0 [Note] InnoDB: Creating tablespace and datafile system tables.
2025-01-13T20:21:08.131700Z 0 [Note] InnoDB: Tablespace and datafile system tables created.
2025-01-13T20:21:08.132172Z 0 [Note] InnoDB: Creating sys_virtual system tables.
2025-01-13T20:21:08.133281Z 0 [Note] InnoDB: sys_virtual table created
2025-01-13T20:21:08.133573Z 0 [Note] InnoDB: Waiting for purge to start
2025-01-13T20:21:08.187781Z 0 [Note] InnoDB: 5.7.36 started; log sequence number 0
2025-01-13T20:21:08.189838Z 0 [Note] Plugin 'FEDERATED' is disabled.
2025-01-13T20:21:08.207885Z 0 [Warning] System table 'plugin' is expected to be transactional.
2025-01-13T20:21:08.212620Z 0 [Warning] Gtid table is not ready to be used. Table 'mysql.gtid_executed' cannot be opened.
2025-01-13T20:21:08.213866Z 0 [Note] Found ca.pem, server-cert.pem and server-key.pem in data directory. Trying to enable SSL support using them.
2025-01-13T20:21:08.214235Z 0 [Note] Skipping generation of SSL certificates as certificate files are present in data directory.
2025-01-13T20:21:08.214559Z 0 [Warning] 
2025-01-13T20:21:08.214661Z 0 [Warning] 
2025-01-13T20:21:08.236411Z 0 [Warning] CA certificate ca.pem is self signed.
2025-01-13T20:21:08.236713Z 0 [Note] Skipping generation of RSA key pair as key files are present in data directory.
2025-01-13T20:21:08.244130Z 0 [Note] Server hostname (bind-address): '*'; port: 3306
2025-01-13T20:21:08.244557Z 0 [Note] IPv6 is available.
2025-01-13T20:21:08.244707Z 0 [Note]   - '::' resolves to '::';
2025-01-13T20:21:08.244901Z 0 [Note] Server socket created on IP: '::'.
2025-01-13T20:21:08.245538Z 0 [Warning] Failed to open optimizer cost constant tables

2025-01-13T20:21:08.326209Z 0 [Warning] System table 'time_zone_leap_second' is expected to be transactional.
2025-01-13T20:21:08.326498Z 0 [Warning] System table 'time_zone_name' is expected to be transactional.
2025-01-13T20:21:08.326758Z 0 [Warning] System table 'time_zone' is expected to be transactional.
2025-01-13T20:21:08.327004Z 0 [Warning] System table 'time_zone_transition_type' is expected to be transactional.
2025-01-13T20:21:08.327290Z 0 [Warning] System table 'time_zone_transition' is expected to be transactional.
2025-01-13T20:21:08.355901Z 0 [Warning] System table 'servers' is expected to be transactional.
2025-01-13T20:21:08.370052Z 0 [Warning] InnoDB: Cannot open table mysql/slave_master_info from the internal data dictionary of InnoDB though the .frm file for the table exists. Please refer to http://dev.mysql.com/doc/refman/5.7/en/innodb-troubleshooting.html for how to resolve the issue.
2025-01-13T20:21:08.377732Z 0 [Warning] InnoDB: Cannot open table mysql/slave_relay_log_info from the internal data dictionary of InnoDB though the .frm file for the table exists. Please refer to http://dev.mysql.com/doc/refman/5.7/en/innodb-troubleshooting.html for how to resolve the issue.
2025-01-13T20:21:08.378627Z 0 [Warning] InnoDB: Cannot open table mysql/slave_master_info from the internal data dictionary of InnoDB though the .frm file for the table exists. Please refer to http://dev.mysql.com/doc/refman/5.7/en/innodb-troubleshooting.html for how to resolve the issue.
2025-01-13T20:21:08.379365Z 0 [Warning] Info table is not ready to be used. Table 'mysql.slave_master_info' cannot be opened.
2025-01-13T20:21:08.385878Z 0 [Warning] InnoDB: Cannot open table mysql/slave_worker_info from the internal data dictionary of InnoDB though the .frm file for the table exists. Please refer to http://dev.mysql.com/doc/refman/5.7/en/innodb-troubleshooting.html for how to resolve the issue.
2025-01-13T20:21:08.386707Z 0 [Warning] InnoDB: Cannot open table mysql/slave_relay_log_info from the internal data dictionary of InnoDB though the .frm file for the table exists. Please refer to http://dev.mysql.com/doc/refman/5.7/en/innodb-troubleshooting.html for how to resolve the issue.
2025-01-13T20:21:08.387478Z 0 [Warning] Info table is not ready to be used. Table 'mysql.slave_relay_log_info' cannot be opened.
2025-01-13T20:21:08.387925Z 0 [Note] Failed to start slave threads for channel ''
2025-01-13T20:21:08.398262Z 0 [ERROR] Incorrect definition of table performance_schema.events_waits_current: expected column 'NESTING_EVENT_TYPE' at position 15 to have type enum('TRANSACTION','STATEMENT','STAGE','WAIT', found type enum('STATEMENT','STAGE','WAIT').
2025-01-13T20:21:08.403487Z 0 [ERROR] Incorrect definition of table performance_schema.events_waits_history: expected column 'NESTING_EVENT_TYPE' at position 15 to have type enum('TRANSACTION','STATEMENT','STAGE','WAIT', found type enum('STATEMENT','STAGE','WAIT').
2025-01-13T20:21:08.410577Z 0 [ERROR] Incorrect definition of table performance_schema.events_waits_history_long: expected column 'NESTING_EVENT_TYPE' at position 15 to have type enum('TRANSACTION','STATEMENT','STAGE','WAIT', found type enum('STATEMENT','STAGE','WAIT').
2025-01-13T20:21:08.436325Z 0 [ERROR] Incorrect definition of table performance_schema.events_waits_summary_by_user_by_event_name: expected column 'USER' at position 0 to have type char(32), found type char(16).
2025-01-13T20:21:08.446077Z 0 [ERROR] Incorrect definition of table performance_schema.events_waits_summary_by_account_by_event_name: expected column 'USER' at position 0 to have type char(32), found type char(16).
2025-01-13T20:21:08.522557Z 0 [ERROR] 
2025-01-13T20:21:08.534780Z 0 [ERROR] Incorrect definition of table performance_schema.setup_objects: expected column 'OBJECT_TYPE' at position 0 to have type enum('EVENT','FUNCTION','PROCEDURE','TABLE','TRIGGER', found type enum('TABLE').
2025-01-13T20:21:08.568837Z 0 [ERROR] 
2025-01-13T20:21:08.576926Z 0 [ERROR] 
2025-01-13T20:21:08.583074Z 0 [ERROR] 
2025-01-13T20:21:08.588819Z 0 [ERROR] 
2025-01-13T20:21:08.594212Z 0 [ERROR] 
2025-01-13T20:21:08.604627Z 0 [ERROR] Incorrect definition of table performance_schema.events_stages_summary_by_account_by_event_name: expected column 'USER' at position 0 to have type char(32), found type char(16).
2025-01-13T20:21:08.609720Z 0 [ERROR] Incorrect definition of table performance_schema.events_stages_summary_by_user_by_event_name: expected column 'USER' at position 0 to have type char(32), found type char(16).
2025-01-13T20:21:08.630901Z 0 [ERROR] 
2025-01-13T20:21:08.639925Z 0 [ERROR] 
2025-01-13T20:21:08.645464Z 0 [ERROR] 
2025-01-13T20:21:08.655547Z 0 [ERROR] Incorrect definition of table performance_schema.events_statements_summary_by_account_by_event_name: expected column 'USER' at position 0 to have type char(32), found type char(16).
2025-01-13T20:21:08.663677Z 0 [ERROR] Incorrect definition of table performance_schema.events_statements_summary_by_user_by_event_name: expected column 'USER' at position 0 to have type char(32), found type char(16).
2025-01-13T20:21:08.678791Z 0 [ERROR] 
2025-01-13T20:21:08.678943Z 0 [ERROR] 
2025-01-13T20:21:08.679069Z 0 [ERROR] 
2025-01-13T20:21:08.679193Z 0 [ERROR] 
2025-01-13T20:21:08.679322Z 0 [ERROR] 
2025-01-13T20:21:08.679445Z 0 [ERROR] 
2025-01-13T20:21:08.679571Z 0 [ERROR] 
2025-01-13T20:21:08.679693Z 0 [ERROR] 
2025-01-13T20:21:08.679815Z 0 [ERROR] 
2025-01-13T20:21:08.683486Z 0 [ERROR] Incorrect definition of table performance_schema.users: expected column 'USER' at position 0 to have type char(32), found type char(16).
2025-01-13T20:21:08.687206Z 0 [ERROR] Incorrect definition of table performance_schema.accounts: expected column 'USER' at position 0 to have type char(32), found type char(16).
2025-01-13T20:21:08.721702Z 0 [ERROR] 
2025-01-13T20:21:08.721846Z 0 [ERROR] 
2025-01-13T20:21:08.721982Z 0 [ERROR] 
2025-01-13T20:21:08.722105Z 0 [ERROR] 
2025-01-13T20:21:08.722232Z 0 [ERROR] 
2025-01-13T20:21:08.722364Z 0 [ERROR] 
2025-01-13T20:21:08.722530Z 0 [ERROR] 
2025-01-13T20:21:08.722655Z 0 [ERROR] 
2025-01-13T20:21:08.722780Z 0 [ERROR] 
2025-01-13T20:21:08.722903Z 0 [ERROR] 
2025-01-13T20:21:08.723025Z 0 [ERROR] 
2025-01-13T20:21:08.723146Z 0 [ERROR] 
2025-01-13T20:21:08.723267Z 0 [ERROR] 
2025-01-13T20:21:08.723397Z 0 [ERROR] 
2025-01-13T20:21:08.723518Z 0 [ERROR] 
2025-01-13T20:21:08.723646Z 0 [ERROR] 
2025-01-13T20:21:08.723769Z 0 [ERROR] 
2025-01-13T20:21:08.723895Z 0 [ERROR] 
2025-01-13T20:21:08.724014Z 0 [ERROR] 
2025-01-13T20:21:08.724135Z 0 [ERROR] 
2025-01-13T20:21:08.724259Z 0 [ERROR] 
2025-01-13T20:21:08.724384Z 0 [ERROR] 
2025-01-13T20:21:08.724507Z 0 [ERROR] 
2025-01-13T20:21:08.724629Z 0 [ERROR] 
2025-01-13T20:21:08.724749Z 0 [ERROR] 
2025-01-13T20:21:08.724868Z 0 [ERROR] 
2025-01-13T20:21:08.725048Z 0 [ERROR] Incorrect definition of table mysql.db: expected column 'User' at position 2 to have type char(32), found type char(16).
2025-01-13T20:21:08.725455Z 0 [ERROR] mysql.user has no `Event_priv` column at position 28
2025-01-13T20:21:08.733367Z 0 [ERROR] Event Scheduler: An error occurred when initializing system tables. Disabling the Event Scheduler.
2025-01-13T20:21:08.733834Z 0 [Note] 
2025-01-13T20:21:55.268956Z 2 [ERROR] Error message file 'C:\Users\Oubay El Aisati\Documents\GitHub\ProjectBuitenLanders.github.io\usbwebserver\mysql\share\spanish\errmsg.sys' had only 886 error messages,
                    but it should contain at least 1123 error messages.
                    Check that the above file is the right version for                     this program!
2025-01-13T20:23:17.656803Z 37 [ERROR] InnoDB: Table `mysql`.`innodb_table_stats` not found.
2025-01-13T20:23:17.657831Z 37 [ERROR] InnoDB: Table `mysql`.`innodb_table_stats` not found.
2025-01-13T20:23:17.658136Z 37 [ERROR] InnoDB: Fetch of persistent statistics requested for table `project`.`klanten` but the required system tables mysql.innodb_table_stats and mysql.innodb_index_stats are not present or have unexpected structure. Using transient stats instead.
2025-01-13T20:23:31.617954Z 55 [ERROR] InnoDB: Table `mysql`.`innodb_table_stats` not found.
2025-01-13T20:23:31.618207Z 55 [ERROR] InnoDB: Table `mysql`.`innodb_table_stats` not found.
2025-01-13T20:23:31.619357Z 55 [ERROR] InnoDB: Table `mysql`.`innodb_table_stats` not found.
2025-01-13T20:23:31.619599Z 55 [Warning] InnoDB: Recalculation of persistent statistics requested for table `project`.`klanten` but the required persistent statistics storage is not present or is corrupted. Using transient stats instead.
2025-01-13T20:23:31.620942Z 55 [ERROR] InnoDB: Table `mysql`.`innodb_table_stats` not found.
2025-01-13T20:23:31.621180Z 55 [ERROR] InnoDB: Fetch of persistent statistics requested for table `project`.`klanten` but the required system tables mysql.innodb_table_stats and mysql.innodb_index_stats are not present or have unexpected structure. Using transient stats instead.
2025-01-13T20:23:55.453103Z 69 [ERROR] InnoDB: Table `mysql`.`innodb_table_stats` not found.
2025-01-13T20:23:55.453355Z 69 [ERROR] InnoDB: Table `mysql`.`innodb_table_stats` not found.
2025-01-13T20:23:55.454544Z 69 [ERROR] InnoDB: Table `mysql`.`innodb_table_stats` not found.
2025-01-13T20:23:55.454784Z 69 [Warning] InnoDB: Recalculation of persistent statistics requested for table `project`.`klanten` but the required persistent statistics storage is not present or is corrupted. Using transient stats instead.
2025-01-13T20:23:55.455658Z 69 [ERROR] InnoDB: Table `mysql`.`innodb_table_stats` not found.
2025-01-13T20:23:55.455897Z 69 [ERROR] InnoDB: Fetch of persistent statistics requested for table `project`.`klanten` but the required system tables mysql.innodb_table_stats and mysql.innodb_index_stats are not present or have unexpected structure. Using transient stats instead.
2025-01-13T20:24:08.094914Z 87 [ERROR] InnoDB: Table `mysql`.`innodb_table_stats` not found.
2025-01-13T20:24:08.095162Z 87 [ERROR] InnoDB: Fetch of persistent statistics requested for table `project`.`klanten` but the required system tables mysql.innodb_table_stats and mysql.innodb_index_stats are not present or have unexpected structure. Using transient stats instead.
2025-01-13T20:25:14.552003Z 135 [ERROR] InnoDB: Table `mysql`.`innodb_table_stats` not found.
2025-01-13T20:25:14.553004Z 135 [ERROR] InnoDB: Table `mysql`.`innodb_table_stats` not found.
2025-01-13T20:25:14.553242Z 135 [ERROR] InnoDB: Fetch of persistent statistics requested for table `project`.`artikelen` but the required system tables mysql.innodb_table_stats and mysql.innodb_index_stats are not present or have unexpected structure. Using transient stats instead.
