2025-01-14T13:14:08.840914Z 0 [Warning] TIMESTAMP with implicit DEFAULT value is deprecated. Please use --explicit_defaults_for_timestamp server option (see documentation for more details).
2025-01-14T13:14:08.841010Z 0 [Note] --secure-file-priv is set to NULL. Operations related to importing and exporting data are disabled
2025-01-14T13:14:08.842398Z 0 [ERROR] Cannot open Windows EventLog; check privileges, or start server with --log_syslog=0
2025-01-14T13:14:08.842428Z 0 [Note] C:\Users\WesleyVerhulst-GO!at\OneDrive - Scholengroep Rivierenland\Documenten\GitHub\ProjectBuitenLanders\usbwebserver/mysql/bin/mysqld_usbwv8.exe (mysqld 5.7.36) starting as process 20148 ...
2025-01-14T13:14:08.843803Z 0 [ERROR] Error message file 'C:\Users\WesleyVerhulst-GO!at\OneDrive - Scholengroep Rivierenland\Documenten\GitHub\ProjectBuitenLanders\usbwebserver\mysql\share\english\errmsg.sys' had only 886 error messages,
                    but it should contain at least 1123 error messages.
                    Check that the above file is the right version for                     this program!
2025-01-14T13:14:08.869577Z 0 [Note] InnoDB: Mutexes and rw_locks use Windows interlocked functions
2025-01-14T13:14:08.870848Z 0 [Note] InnoDB: Uses event mutexes
2025-01-14T13:14:08.871491Z 0 [Note] InnoDB: Memory barrier is not used
2025-01-14T13:14:08.872378Z 0 [Note] InnoDB: Compressed tables use zlib 1.2.11
2025-01-14T13:14:08.873471Z 0 [Note] InnoDB: Number of pools: 1
2025-01-14T13:14:08.874185Z 0 [Note] InnoDB: Not using CPU crc32 instructions
2025-01-14T13:14:08.879163Z 0 [Note] InnoDB: Initializing buffer pool, total size = 128M, instances = 1, chunk size = 128M
2025-01-14T13:14:08.889327Z 0 [Note] InnoDB: Completed initialization of buffer pool
2025-01-14T13:14:08.956071Z 0 [Note] InnoDB: Highest supported file format is Barracuda.
2025-01-14T13:14:08.965041Z 0 [Note] InnoDB: Log scan progressed past the checkpoint lsn 1237661
2025-01-14T13:14:08.966093Z 0 [Note] InnoDB: Doing recovery: scanned up to log sequence number 1237670
2025-01-14T13:14:08.967097Z 0 [Note] InnoDB: Database was not shutdown normally!
2025-01-14T13:14:08.968029Z 0 [Note] InnoDB: Starting crash recovery.
2025-01-14T13:14:09.158100Z 0 [Note] InnoDB: Removed temporary tablespace data file: "ibtmp1"
2025-01-14T13:14:09.159000Z 0 [Note] InnoDB: Creating shared tablespace for temporary tables
2025-01-14T13:14:09.160597Z 0 [Note] InnoDB: Setting file 'C:\Users\WesleyVerhulst-GO!at\OneDrive - Scholengroep Rivierenland\Documenten\GitHub\ProjectBuitenLanders\usbwebserver\mysql\data\ibtmp1' size to 12 MB. Physically writing the file full; Please wait ...
2025-01-14T13:14:09.220794Z 0 [Note] InnoDB: File 'C:\Users\WesleyVerhulst-GO!at\OneDrive - Scholengroep Rivierenland\Documenten\GitHub\ProjectBuitenLanders\usbwebserver\mysql\data\ibtmp1' size is now 12 MB.
2025-01-14T13:14:09.245401Z 0 [Note] InnoDB: 96 redo rollback segment(s) found. 96 redo rollback segment(s) are active.
2025-01-14T13:14:09.246167Z 0 [Note] InnoDB: 32 non-redo rollback segment(s) are active.
2025-01-14T13:14:09.247324Z 0 [Note] InnoDB: Waiting for purge to start
2025-01-14T13:14:09.304428Z 0 [Note] InnoDB: 5.7.36 started; log sequence number 1237670
2025-01-14T13:14:09.305541Z 0 [Note] Plugin 'FEDERATED' is disabled.
2025-01-14T13:14:09.306265Z 0 [Note] InnoDB: Loading buffer pool(s) from C:\Users\WesleyVerhulst-GO!at\OneDrive - Scholengroep Rivierenland\Documenten\GitHub\ProjectBuitenLanders\usbwebserver\mysql\data\ib_buffer_pool
2025-01-14T13:14:09.308006Z 0 [ERROR] InnoDB: Cannot open 'C:\Users\WesleyVerhulst-GO!at\OneDrive - Scholengroep Rivierenland\Documenten\GitHub\ProjectBuitenLanders\usbwebserver\mysql\data\ib_buffer_pool' for reading: No such file or directory
2025-01-14T13:14:09.308708Z 0 [Warning] System table 'plugin' is expected to be transactional.
2025-01-14T13:14:09.311748Z 0 [Warning] Gtid table is not ready to be used. Table 'mysql.gtid_executed' cannot be opened.
2025-01-14T13:14:09.314560Z 0 [Note] Found ca.pem, server-cert.pem and server-key.pem in data directory. Trying to enable SSL support using them.
2025-01-14T13:14:09.315773Z 0 [Note] Skipping generation of SSL certificates as certificate files are present in data directory.
2025-01-14T13:14:09.316780Z 0 [Warning] 
2025-01-14T13:14:09.317100Z 0 [Warning] 
2025-01-14T13:14:09.324876Z 0 [Warning] CA certificate ca.pem is self signed.
2025-01-14T13:14:09.325776Z 0 [Note] Skipping generation of RSA key pair as key files are present in data directory.
2025-01-14T13:14:09.329846Z 0 [Note] Server hostname (bind-address): '*'; port: 3306
2025-01-14T13:14:09.331122Z 0 [Note] IPv6 is available.
2025-01-14T13:14:09.331555Z 0 [Note]   - '::' resolves to '::';
2025-01-14T13:14:09.332199Z 0 [Note] Server socket created on IP: '::'.
2025-01-14T13:14:09.334122Z 0 [Warning] Failed to open optimizer cost constant tables

2025-01-14T13:14:09.410478Z 0 [Warning] System table 'time_zone_leap_second' is expected to be transactional.
2025-01-14T13:14:09.411339Z 0 [Warning] System table 'time_zone_name' is expected to be transactional.
2025-01-14T13:14:09.412153Z 0 [Warning] System table 'time_zone' is expected to be transactional.
2025-01-14T13:14:09.412906Z 0 [Warning] System table 'time_zone_transition_type' is expected to be transactional.
2025-01-14T13:14:09.413752Z 0 [Warning] System table 'time_zone_transition' is expected to be transactional.
2025-01-14T13:14:09.418364Z 0 [Warning] System table 'servers' is expected to be transactional.
2025-01-14T13:14:09.420618Z 0 [Warning] InnoDB: Cannot open table mysql/slave_master_info from the internal data dictionary of InnoDB though the .frm file for the table exists. Please refer to http://dev.mysql.com/doc/refman/5.7/en/innodb-troubleshooting.html for how to resolve the issue.
2025-01-14T13:14:09.423331Z 0 [Warning] InnoDB: Cannot open table mysql/slave_relay_log_info from the internal data dictionary of InnoDB though the .frm file for the table exists. Please refer to http://dev.mysql.com/doc/refman/5.7/en/innodb-troubleshooting.html for how to resolve the issue.
2025-01-14T13:14:09.425827Z 0 [Warning] InnoDB: Cannot open table mysql/slave_master_info from the internal data dictionary of InnoDB though the .frm file for the table exists. Please refer to http://dev.mysql.com/doc/refman/5.7/en/innodb-troubleshooting.html for how to resolve the issue.
2025-01-14T13:14:09.428061Z 0 [Warning] Info table is not ready to be used. Table 'mysql.slave_master_info' cannot be opened.
2025-01-14T13:14:09.429245Z 0 [Warning] InnoDB: Cannot open table mysql/slave_worker_info from the internal data dictionary of InnoDB though the .frm file for the table exists. Please refer to http://dev.mysql.com/doc/refman/5.7/en/innodb-troubleshooting.html for how to resolve the issue.
2025-01-14T13:14:09.431050Z 0 [Warning] InnoDB: Cannot open table mysql/slave_relay_log_info from the internal data dictionary of InnoDB though the .frm file for the table exists. Please refer to http://dev.mysql.com/doc/refman/5.7/en/innodb-troubleshooting.html for how to resolve the issue.
2025-01-14T13:14:09.433108Z 0 [Warning] Info table is not ready to be used. Table 'mysql.slave_relay_log_info' cannot be opened.
2025-01-14T13:14:09.434414Z 0 [Note] Failed to start slave threads for channel ''
2025-01-14T13:14:09.436290Z 0 [ERROR] Incorrect definition of table performance_schema.events_waits_current: expected column 'NESTING_EVENT_TYPE' at position 15 to have type enum('TRANSACTION','STATEMENT','STAGE','WAIT', found type enum('STATEMENT','STAGE','WAIT').
2025-01-14T13:14:09.438630Z 0 [ERROR] Incorrect definition of table performance_schema.events_waits_history: expected column 'NESTING_EVENT_TYPE' at position 15 to have type enum('TRANSACTION','STATEMENT','STAGE','WAIT', found type enum('STATEMENT','STAGE','WAIT').
2025-01-14T13:14:09.441039Z 0 [ERROR] Incorrect definition of table performance_schema.events_waits_history_long: expected column 'NESTING_EVENT_TYPE' at position 15 to have type enum('TRANSACTION','STATEMENT','STAGE','WAIT', found type enum('STATEMENT','STAGE','WAIT').
2025-01-14T13:14:09.444401Z 0 [ERROR] Incorrect definition of table performance_schema.events_waits_summary_by_user_by_event_name: expected column 'USER' at position 0 to have type char(32), found type char(16).
2025-01-14T13:14:09.446537Z 0 [ERROR] Incorrect definition of table performance_schema.events_waits_summary_by_account_by_event_name: expected column 'USER' at position 0 to have type char(32), found type char(16).
2025-01-14T13:14:09.451372Z 0 [ERROR] 
2025-01-14T13:14:09.452472Z 0 [ERROR] Incorrect definition of table performance_schema.setup_objects: expected column 'OBJECT_TYPE' at position 0 to have type enum('EVENT','FUNCTION','PROCEDURE','TABLE','TRIGGER', found type enum('TABLE').
2025-01-14T13:14:09.456020Z 0 [ERROR] 
2025-01-14T13:14:09.456461Z 0 [ERROR] 
2025-01-14T13:14:09.456944Z 0 [ERROR] 
2025-01-14T13:14:09.457457Z 0 [ERROR] 
2025-01-14T13:14:09.458002Z 0 [ERROR] 
2025-01-14T13:14:09.458824Z 0 [ERROR] Incorrect definition of table performance_schema.events_stages_summary_by_account_by_event_name: expected column 'USER' at position 0 to have type char(32), found type char(16).
2025-01-14T13:14:09.460460Z 0 [ERROR] Incorrect definition of table performance_schema.events_stages_summary_by_user_by_event_name: expected column 'USER' at position 0 to have type char(32), found type char(16).
2025-01-14T13:14:09.463054Z 0 [ERROR] 
2025-01-14T13:14:09.463713Z 0 [ERROR] 
2025-01-14T13:14:09.465861Z 0 [ERROR] 
2025-01-14T13:14:09.466793Z 0 [ERROR] Incorrect definition of table performance_schema.events_statements_summary_by_account_by_event_name: expected column 'USER' at position 0 to have type char(32), found type char(16).
2025-01-14T13:14:09.469758Z 0 [ERROR] Incorrect definition of table performance_schema.events_statements_summary_by_user_by_event_name: expected column 'USER' at position 0 to have type char(32), found type char(16).
2025-01-14T13:14:09.472644Z 0 [ERROR] 
2025-01-14T13:14:09.473139Z 0 [ERROR] 
2025-01-14T13:14:09.473660Z 0 [ERROR] 
2025-01-14T13:14:09.474144Z 0 [ERROR] 
2025-01-14T13:14:09.474505Z 0 [ERROR] 
2025-01-14T13:14:09.475002Z 0 [ERROR] 
2025-01-14T13:14:09.475466Z 0 [ERROR] 
2025-01-14T13:14:09.475920Z 0 [ERROR] 
2025-01-14T13:14:09.476379Z 0 [ERROR] 
2025-01-14T13:14:09.476999Z 0 [ERROR] Incorrect definition of table performance_schema.users: expected column 'USER' at position 0 to have type char(32), found type char(16).
2025-01-14T13:14:09.478904Z 0 [ERROR] Incorrect definition of table performance_schema.accounts: expected column 'USER' at position 0 to have type char(32), found type char(16).
2025-01-14T13:14:09.482285Z 0 [ERROR] 
2025-01-14T13:14:09.482773Z 0 [ERROR] 
2025-01-14T13:14:09.483233Z 0 [ERROR] 
2025-01-14T13:14:09.483687Z 0 [ERROR] 
2025-01-14T13:14:09.484160Z 0 [ERROR] 
2025-01-14T13:14:09.484695Z 0 [ERROR] 
2025-01-14T13:14:09.485136Z 0 [ERROR] 
2025-01-14T13:14:09.485577Z 0 [ERROR] 
2025-01-14T13:14:09.486017Z 0 [ERROR] 
2025-01-14T13:14:09.486570Z 0 [ERROR] 
2025-01-14T13:14:09.486997Z 0 [ERROR] 
2025-01-14T13:14:09.487424Z 0 [ERROR] 
2025-01-14T13:14:09.487885Z 0 [ERROR] 
2025-01-14T13:14:09.488313Z 0 [ERROR] 
2025-01-14T13:14:09.488762Z 0 [ERROR] 
2025-01-14T13:14:09.489244Z 0 [ERROR] 
2025-01-14T13:14:09.489702Z 0 [ERROR] 
2025-01-14T13:14:09.490083Z 0 [ERROR] 
2025-01-14T13:14:09.490460Z 0 [ERROR] 
2025-01-14T13:14:09.490866Z 0 [ERROR] 
2025-01-14T13:14:09.491303Z 0 [ERROR] 
2025-01-14T13:14:09.491727Z 0 [ERROR] 
2025-01-14T13:14:09.492229Z 0 [ERROR] 
2025-01-14T13:14:09.492718Z 0 [ERROR] 
2025-01-14T13:14:09.493165Z 0 [ERROR] 
2025-01-14T13:14:09.493634Z 0 [ERROR] 
2025-01-14T13:14:09.494002Z 0 [ERROR] Incorrect definition of table mysql.db: expected column 'User' at position 2 to have type char(32), found type char(16).
2025-01-14T13:14:09.495132Z 0 [ERROR] mysql.user has no `Event_priv` column at position 28
2025-01-14T13:14:09.496853Z 0 [ERROR] Event Scheduler: An error occurred when initializing system tables. Disabling the Event Scheduler.
2025-01-14T13:14:09.498071Z 0 [Note] 
